{
  "stats": {
    "suites": 1,
    "tests": 20,
    "passes": 8,
    "pending": 0,
    "failures": 12,
    "start": "2024-02-06T17:42:31.252Z",
    "end": "2024-02-06T17:42:31.510Z",
    "duration": 258,
    "testsRegistered": 20,
    "passPercent": 40,
    "pendingPercent": 0,
    "other": 0,
    "hasOther": false,
    "skipped": 0,
    "hasSkipped": false
  },
  "results": [
    {
      "uuid": "30478999-9c53-4358-b9b1-93eb80f1b1d4",
      "title": "",
      "fullFile": "C:\\Users\\Abdul\\Desktop\\SDET\\test\\api.test.js",
      "file": "\\test\\api.test.js",
      "beforeHooks": [],
      "afterHooks": [],
      "tests": [],
      "suites": [
        {
          "uuid": "c2881445-deb6-463a-aa0d-52837f86b534",
          "title": "API Routes Test",
          "fullFile": "C:\\Users\\Abdul\\Desktop\\SDET\\test\\api.test.js",
          "file": "\\test\\api.test.js",
          "beforeHooks": [],
          "afterHooks": [],
          "tests": [
            {
              "title": "should create a new user",
              "fullTitle": "API Routes Test should create a new user",
              "timedOut": false,
              "duration": 83,
              "state": "failed",
              "speed": null,
              "pass": false,
              "fail": true,
              "pending": false,
              "context": null,
              "code": "request(appUrl)\n  .post('/api/v1/users')\n  .send({ name: 'user', email: 'user@gmail.com', password: 'user123' })\n  .expect(200)\n  .end(done);",
              "err": {
                "message": "Error: expected 200 \"OK\", got 401 \"Unauthorized\"",
                "estack": "Error: expected 200 \"OK\", got 401 \"Unauthorized\"\n    at Context.<anonymous> (test\\api.test.js:12:8)\n    at process.processImmediate (node:internal/timers:478:21)\n----\n    at Test._assertStatus (node_modules\\supertest\\lib\\test.js:252:14)\n    at C:\\Users\\Abdul\\Desktop\\SDET\\node_modules\\supertest\\lib\\test.js:308:13\n    at Test._assertFunction (node_modules\\supertest\\lib\\test.js:285:13)\n    at Test.assert (node_modules\\supertest\\lib\\test.js:164:23)\n    at localAssert (node_modules\\supertest\\lib\\test.js:120:14)\n    at C:\\Users\\Abdul\\Desktop\\SDET\\node_modules\\supertest\\lib\\test.js:125:7\n    at Request.callback (node_modules\\superagent\\lib\\node\\index.js:867:3)\n    at C:\\Users\\Abdul\\Desktop\\SDET\\node_modules\\superagent\\lib\\node\\index.js:1070:18\n    at IncomingMessage.<anonymous> (node_modules\\superagent\\lib\\node\\parsers\\json.js:21:7)\n    at IncomingMessage.emit (node:events:530:35)\n    at endReadableNT (node:internal/streams/readable:1696:12)\n    at process.processTicksAndRejections (node:internal/process/task_queues:82:21)",
                "diff": null
              },
              "uuid": "4e5eb455-10a6-4c74-9bb5-f602f4442845",
              "parentUUID": "c2881445-deb6-463a-aa0d-52837f86b534",
              "isHook": false,
              "skipped": false
            },
            {
              "title": "should authenticate user and get token",
              "fullTitle": "API Routes Test should authenticate user and get token",
              "timedOut": false,
              "duration": 9,
              "state": "passed",
              "speed": "fast",
              "pass": true,
              "fail": false,
              "pending": false,
              "context": null,
              "code": "request(appUrl)\n  .post('/api/v1/auth')\n  .send({ email: 'user@gmail.com', password: 'user123' })\n  .expect(200)\n  .end((err, res) => {\n    if (err) return done(err);\n    assert(res.body.token, 'Token not provided in response');\n    authToken = res.body.token; \n    done();\n  });",
              "err": {},
              "uuid": "991514c7-3fd3-41f8-943e-694a84ee8a1e",
              "parentUUID": "c2881445-deb6-463a-aa0d-52837f86b534",
              "isHook": false,
              "skipped": false
            },
            {
              "title": "should create a new user",
              "fullTitle": "API Routes Test should create a new user",
              "timedOut": false,
              "duration": 5,
              "state": "failed",
              "speed": null,
              "pass": false,
              "fail": true,
              "pending": false,
              "context": null,
              "code": "request(appUrl)\n  .post('/api/v1/users')\n  .send({ name: 'user1', email: 'user1@gmail.com', password: 'user123' })\n  .expect(200)\n  .end(done);",
              "err": {
                "message": "Error: expected 200 \"OK\", got 401 \"Unauthorized\"",
                "estack": "Error: expected 200 \"OK\", got 401 \"Unauthorized\"\n    at Context.<anonymous> (test\\api.test.js:33:8)\n    at process.processImmediate (node:internal/timers:478:21)\n----\n    at Test._assertStatus (node_modules\\supertest\\lib\\test.js:252:14)\n    at C:\\Users\\Abdul\\Desktop\\SDET\\node_modules\\supertest\\lib\\test.js:308:13\n    at Test._assertFunction (node_modules\\supertest\\lib\\test.js:285:13)\n    at Test.assert (node_modules\\supertest\\lib\\test.js:164:23)\n    at localAssert (node_modules\\supertest\\lib\\test.js:120:14)\n    at C:\\Users\\Abdul\\Desktop\\SDET\\node_modules\\supertest\\lib\\test.js:125:7\n    at Request.callback (node_modules\\superagent\\lib\\node\\index.js:867:3)\n    at C:\\Users\\Abdul\\Desktop\\SDET\\node_modules\\superagent\\lib\\node\\index.js:1070:18\n    at IncomingMessage.<anonymous> (node_modules\\superagent\\lib\\node\\parsers\\json.js:21:7)\n    at IncomingMessage.emit (node:events:530:35)\n    at endReadableNT (node:internal/streams/readable:1696:12)\n    at process.processTicksAndRejections (node:internal/process/task_queues:82:21)",
                "diff": null
              },
              "uuid": "fb03c3d8-cfaf-4562-aa78-e89dcc8ccafe",
              "parentUUID": "c2881445-deb6-463a-aa0d-52837f86b534",
              "isHook": false,
              "skipped": false
            },
            {
              "title": "should authenticate newly created user and get token",
              "fullTitle": "API Routes Test should authenticate newly created user and get token",
              "timedOut": false,
              "duration": 5,
              "state": "passed",
              "speed": "fast",
              "pass": true,
              "fail": false,
              "pending": false,
              "context": null,
              "code": "request(appUrl)\n  .post('/api/v1/auth')\n  .send({ email: 'user1@gmail.com', password: 'user123' })\n  .expect(200)\n  .end((err, res) => {\n    if (err) return done(err);\n    assert(res.body.token, 'Token not provided in response');\n    authToken = res.body.token; \n    done();\n  });",
              "err": {},
              "uuid": "40c0ba70-62d5-4e50-ae1e-bca516bc5747",
              "parentUUID": "c2881445-deb6-463a-aa0d-52837f86b534",
              "isHook": false,
              "skipped": false
            },
            {
              "title": "should get user by token",
              "fullTitle": "API Routes Test should get user by token",
              "timedOut": false,
              "duration": 7,
              "state": "passed",
              "speed": "fast",
              "pass": true,
              "fail": false,
              "pending": false,
              "context": null,
              "code": "request(appUrl)\n  .get('/api/v1/users')\n  .set('Authorization', authToken)\n  .expect(200)\n  .end((err, res) => {\n    if (err) return done(err);\n    assert.strictEqual(res.body.name, 'user1');\n    assert.strictEqual(res.body.email, 'user1@gmail.com');\n    done();\n  });",
              "err": {},
              "uuid": "d3556771-4998-4033-9a11-d67548cd5486",
              "parentUUID": "c2881445-deb6-463a-aa0d-52837f86b534",
              "isHook": false,
              "skipped": false
            },
            {
              "title": "should update user by token",
              "fullTitle": "API Routes Test should update user by token",
              "timedOut": false,
              "duration": 9,
              "state": "passed",
              "speed": "fast",
              "pass": true,
              "fail": false,
              "pending": false,
              "context": null,
              "code": "request(appUrl)\n  .patch('/api/v1/users')\n  .set('Authorization', authToken)\n  .send({ name: 'newName', email: 'new_email@gmail.com', password: 'newpassword123' })\n  .expect(200)\n  .end(done);",
              "err": {},
              "uuid": "9a5886f2-ee05-454d-8d92-3844bae171f8",
              "parentUUID": "c2881445-deb6-463a-aa0d-52837f86b534",
              "isHook": false,
              "skipped": false
            },
            {
              "title": "should delete user by token",
              "fullTitle": "API Routes Test should delete user by token",
              "timedOut": false,
              "duration": 9,
              "state": "failed",
              "speed": null,
              "pass": false,
              "fail": true,
              "pending": false,
              "context": null,
              "code": "request(appUrl)\n  .delete('/api/v1/users')\n  .set('Authorization', authToken)\n  .expect(200)\n  .end(done);",
              "err": {
                "message": "Error: expected 200 \"OK\", got 403 \"Forbidden\"",
                "estack": "Error: expected 200 \"OK\", got 403 \"Forbidden\"\n    at Context.<anonymous> (test\\api.test.js:75:8)\n    at process.processImmediate (node:internal/timers:478:21)\n----\n    at Test._assertStatus (node_modules\\supertest\\lib\\test.js:252:14)\n    at C:\\Users\\Abdul\\Desktop\\SDET\\node_modules\\supertest\\lib\\test.js:308:13\n    at Test._assertFunction (node_modules\\supertest\\lib\\test.js:285:13)\n    at Test.assert (node_modules\\supertest\\lib\\test.js:164:23)\n    at localAssert (node_modules\\supertest\\lib\\test.js:120:14)\n    at C:\\Users\\Abdul\\Desktop\\SDET\\node_modules\\supertest\\lib\\test.js:125:7\n    at Request.callback (node_modules\\superagent\\lib\\node\\index.js:867:3)\n    at C:\\Users\\Abdul\\Desktop\\SDET\\node_modules\\superagent\\lib\\node\\index.js:1070:18\n    at IncomingMessage.<anonymous> (node_modules\\superagent\\lib\\node\\parsers\\json.js:21:7)\n    at IncomingMessage.emit (node:events:530:35)\n    at endReadableNT (node:internal/streams/readable:1696:12)\n    at process.processTicksAndRejections (node:internal/process/task_queues:82:21)",
                "diff": null
              },
              "uuid": "48a27f27-4da8-4305-9298-86c651e98264",
              "parentUUID": "c2881445-deb6-463a-aa0d-52837f86b534",
              "isHook": false,
              "skipped": false
            },
            {
              "title": "should delete all users",
              "fullTitle": "API Routes Test should delete all users",
              "timedOut": false,
              "duration": 6,
              "state": "passed",
              "speed": "fast",
              "pass": true,
              "fail": false,
              "pending": false,
              "context": null,
              "code": "request(appUrl)\n  .delete('/api/v1/all-users')\n  .send({ key_admin: 'keyadmin123' })\n  .expect(200)\n  .end(done);",
              "err": {},
              "uuid": "38b6d1d1-8185-4428-8a4a-72cde18dedab",
              "parentUUID": "c2881445-deb6-463a-aa0d-52837f86b534",
              "isHook": false,
              "skipped": false
            },
            {
              "title": "should authenticate user and get token",
              "fullTitle": "API Routes Test should authenticate user and get token",
              "timedOut": false,
              "duration": 8,
              "state": "failed",
              "speed": null,
              "pass": false,
              "fail": true,
              "pending": false,
              "context": null,
              "code": "request(appUrl)\n  .post('/api/v1/auth')\n  .send({ email: 'user@gmail.com', password: 'user123' })\n  .expect(200)\n  .end((err, res) => {\n    if (err) return done(err);\n    assert(res.body.token, 'Token not provided in response');\n    authToken = res.body.token; \n    done();\n  });",
              "err": {
                "message": "Error: expected 200 \"OK\", got 401 \"Unauthorized\"",
                "estack": "Error: expected 200 \"OK\", got 401 \"Unauthorized\"\n    at Context.<anonymous> (test\\api.test.js:91:8)\n    at process.processImmediate (node:internal/timers:478:21)\n----\n    at Test._assertStatus (node_modules\\supertest\\lib\\test.js:252:14)\n    at C:\\Users\\Abdul\\Desktop\\SDET\\node_modules\\supertest\\lib\\test.js:308:13\n    at Test._assertFunction (node_modules\\supertest\\lib\\test.js:285:13)\n    at Test.assert (node_modules\\supertest\\lib\\test.js:164:23)\n    at localAssert (node_modules\\supertest\\lib\\test.js:120:14)\n    at C:\\Users\\Abdul\\Desktop\\SDET\\node_modules\\supertest\\lib\\test.js:125:7\n    at Request.callback (node_modules\\superagent\\lib\\node\\index.js:867:3)\n    at C:\\Users\\Abdul\\Desktop\\SDET\\node_modules\\superagent\\lib\\node\\index.js:1070:18\n    at IncomingMessage.<anonymous> (node_modules\\superagent\\lib\\node\\parsers\\json.js:21:7)\n    at IncomingMessage.emit (node:events:530:35)\n    at endReadableNT (node:internal/streams/readable:1696:12)\n    at process.processTicksAndRejections (node:internal/process/task_queues:82:21)",
                "diff": null
              },
              "uuid": "413d02d4-bc6a-4da0-b161-6f0877894a9d",
              "parentUUID": "c2881445-deb6-463a-aa0d-52837f86b534",
              "isHook": false,
              "skipped": false
            },
            {
              "title": "should create a new user",
              "fullTitle": "API Routes Test should create a new user",
              "timedOut": false,
              "duration": 10,
              "state": "failed",
              "speed": null,
              "pass": false,
              "fail": true,
              "pending": false,
              "context": null,
              "code": "request(appUrl)\n  .post('/api/v1/users')\n  .send({ name: 'user5', email: 'user5@gmail.com', password: 'user123' })\n  .expect(200)\n  .end((err, res) => {\n    if (err) return done(err);\n    assert(res.body.token, 'Token not provided in response');\n    userId = res.body.id; // Save the ID of the created user\n    done();\n  });",
              "err": {
                "message": "AssertionError: Token not provided in response",
                "estack": "AssertionError [ERR_ASSERTION]: Token not provided in response\n    at Test.<anonymous> (test\\api.test.js:107:9)\n    at Test.assert (node_modules\\supertest\\lib\\test.js:172:8)\n    at localAssert (node_modules\\supertest\\lib\\test.js:120:14)\n    at C:\\Users\\Abdul\\Desktop\\SDET\\node_modules\\supertest\\lib\\test.js:125:7\n    at Request.callback (node_modules\\superagent\\lib\\node\\index.js:857:12)\n    at C:\\Users\\Abdul\\Desktop\\SDET\\node_modules\\superagent\\lib\\node\\index.js:1070:18\n    at IncomingMessage.<anonymous> (node_modules\\superagent\\lib\\node\\parsers\\json.js:21:7)\n    at IncomingMessage.emit (node:events:530:35)\n    at endReadableNT (node:internal/streams/readable:1696:12)\n    at process.processTicksAndRejections (node:internal/process/task_queues:82:21)",
                "diff": null
              },
              "uuid": "a6476462-00ed-41d8-8d0c-410a96e09ce7",
              "parentUUID": "c2881445-deb6-463a-aa0d-52837f86b534",
              "isHook": false,
              "skipped": false
            },
            {
              "title": "should create a new user",
              "fullTitle": "API Routes Test should create a new user",
              "timedOut": false,
              "duration": 8,
              "state": "passed",
              "speed": "fast",
              "pass": true,
              "fail": false,
              "pending": false,
              "context": null,
              "code": "request(appUrl)\n  .post('/api/v1/users')\n  .send({ name: 'user', email: 'user@gmail.com', password: 'user123' })\n  .expect(200)\n  .end(done);",
              "err": {},
              "uuid": "5f572746-e3fd-4906-9267-dc78f3b03404",
              "parentUUID": "c2881445-deb6-463a-aa0d-52837f86b534",
              "isHook": false,
              "skipped": false
            },
            {
              "title": "should delete the created user",
              "fullTitle": "API Routes Test should delete the created user",
              "timedOut": false,
              "duration": 5,
              "state": "failed",
              "speed": null,
              "pass": false,
              "fail": true,
              "pending": false,
              "context": null,
              "code": "request(appUrl)\n  .delete('/api/v1/users/')\n  .set('Authorization', authToken)\n  .expect(200)\n  .end(done);",
              "err": {
                "message": "Error: expected 200 \"OK\", got 403 \"Forbidden\"",
                "estack": "Error: expected 200 \"OK\", got 403 \"Forbidden\"\n    at Context.<anonymous> (test\\api.test.js:124:8)\n    at process.processImmediate (node:internal/timers:478:21)\n----\n    at Test._assertStatus (node_modules\\supertest\\lib\\test.js:252:14)\n    at C:\\Users\\Abdul\\Desktop\\SDET\\node_modules\\supertest\\lib\\test.js:308:13\n    at Test._assertFunction (node_modules\\supertest\\lib\\test.js:285:13)\n    at Test.assert (node_modules\\supertest\\lib\\test.js:164:23)\n    at localAssert (node_modules\\supertest\\lib\\test.js:120:14)\n    at C:\\Users\\Abdul\\Desktop\\SDET\\node_modules\\supertest\\lib\\test.js:125:7\n    at Request.callback (node_modules\\superagent\\lib\\node\\index.js:867:3)\n    at C:\\Users\\Abdul\\Desktop\\SDET\\node_modules\\superagent\\lib\\node\\index.js:1070:18\n    at IncomingMessage.<anonymous> (node_modules\\superagent\\lib\\node\\parsers\\json.js:21:7)\n    at IncomingMessage.emit (node:events:530:35)\n    at endReadableNT (node:internal/streams/readable:1696:12)\n    at process.processTicksAndRejections (node:internal/process/task_queues:82:21)",
                "diff": null
              },
              "uuid": "098aa3bc-308b-4da8-9893-ec3d9ecac7dc",
              "parentUUID": "c2881445-deb6-463a-aa0d-52837f86b534",
              "isHook": false,
              "skipped": false
            },
            {
              "title": "should fail to authenticate a recently deleted user",
              "fullTitle": "API Routes Test should fail to authenticate a recently deleted user",
              "timedOut": false,
              "duration": 6,
              "state": "failed",
              "speed": null,
              "pass": false,
              "fail": true,
              "pending": false,
              "context": null,
              "code": "request(appUrl)\n  .post('/api/v1/auth')\n  .send({ email: 'user@gmail.com', password: 'user123' })\n  .expect(401)\n  .end(done);",
              "err": {
                "message": "Error: expected 401 \"Unauthorized\", got 200 \"OK\"",
                "estack": "Error: expected 401 \"Unauthorized\", got 200 \"OK\"\n    at Context.<anonymous> (test\\api.test.js:132:8)\n    at process.processImmediate (node:internal/timers:478:21)\n----\n    at Test._assertStatus (node_modules\\supertest\\lib\\test.js:252:14)\n    at C:\\Users\\Abdul\\Desktop\\SDET\\node_modules\\supertest\\lib\\test.js:308:13\n    at Test._assertFunction (node_modules\\supertest\\lib\\test.js:285:13)\n    at Test.assert (node_modules\\supertest\\lib\\test.js:164:23)\n    at localAssert (node_modules\\supertest\\lib\\test.js:120:14)\n    at C:\\Users\\Abdul\\Desktop\\SDET\\node_modules\\supertest\\lib\\test.js:125:7\n    at Request.callback (node_modules\\superagent\\lib\\node\\index.js:857:12)\n    at C:\\Users\\Abdul\\Desktop\\SDET\\node_modules\\superagent\\lib\\node\\index.js:1070:18\n    at IncomingMessage.<anonymous> (node_modules\\superagent\\lib\\node\\parsers\\json.js:21:7)\n    at IncomingMessage.emit (node:events:530:35)\n    at endReadableNT (node:internal/streams/readable:1696:12)\n    at process.processTicksAndRejections (node:internal/process/task_queues:82:21)",
                "diff": null
              },
              "uuid": "6bfc71ae-a96f-479a-b2cd-5b95cf0196ec",
              "parentUUID": "c2881445-deb6-463a-aa0d-52837f86b534",
              "isHook": false,
              "skipped": false
            },
            {
              "title": "should create multiple users",
              "fullTitle": "API Routes Test should create multiple users",
              "timedOut": false,
              "duration": 14,
              "state": "passed",
              "speed": "fast",
              "pass": true,
              "fail": false,
              "pending": false,
              "context": null,
              "code": "request(appUrl)\n  .post('/api/v1/users')\n  .send({ name: 'user1', email: 'user1@gmail.com', password: 'user123' })\n  .expect(200)\n  .end(() => {\n    request(appUrl)\n      .post('/api/v1/users')\n      .send({ name: 'user2', email: 'user2@gmail.com', password: 'user123' })\n      .expect(200)\n      .end(done);\n  });",
              "err": {},
              "uuid": "77f48ef6-f94b-44a8-964f-4356d71bb713",
              "parentUUID": "c2881445-deb6-463a-aa0d-52837f86b534",
              "isHook": false,
              "skipped": false
            },
            {
              "title": "should authenticate and get details for one of the users",
              "fullTitle": "API Routes Test should authenticate and get details for one of the users",
              "timedOut": false,
              "duration": 4,
              "state": "failed",
              "speed": null,
              "pass": false,
              "fail": true,
              "pending": false,
              "context": null,
              "code": "request(appUrl)\n  .get('/api/v1/users')\n  .set('Authorization', authToken)\n  .expect(200)\n  .end((err, res) => {\n    if (err) return done(err);\n    // Assuming the response contains an array of users, check details of the first user\n    const user = res.body[0];\n    assert.strictEqual(user.name, 'user1');\n    assert.strictEqual(user.email, 'user1@gmail.com');\n    done();\n  });",
              "err": {
                "message": "Error: expected 200 \"OK\", got 403 \"Forbidden\"",
                "estack": "Error: expected 200 \"OK\", got 403 \"Forbidden\"\n    at Context.<anonymous> (test\\api.test.js:154:8)\n    at process.processImmediate (node:internal/timers:478:21)\n----\n    at Test._assertStatus (node_modules\\supertest\\lib\\test.js:252:14)\n    at C:\\Users\\Abdul\\Desktop\\SDET\\node_modules\\supertest\\lib\\test.js:308:13\n    at Test._assertFunction (node_modules\\supertest\\lib\\test.js:285:13)\n    at Test.assert (node_modules\\supertest\\lib\\test.js:164:23)\n    at localAssert (node_modules\\supertest\\lib\\test.js:120:14)\n    at C:\\Users\\Abdul\\Desktop\\SDET\\node_modules\\supertest\\lib\\test.js:125:7\n    at Request.callback (node_modules\\superagent\\lib\\node\\index.js:867:3)\n    at C:\\Users\\Abdul\\Desktop\\SDET\\node_modules\\superagent\\lib\\node\\index.js:1070:18\n    at IncomingMessage.<anonymous> (node_modules\\superagent\\lib\\node\\parsers\\json.js:21:7)\n    at IncomingMessage.emit (node:events:530:35)\n    at endReadableNT (node:internal/streams/readable:1696:12)\n    at process.processTicksAndRejections (node:internal/process/task_queues:82:21)",
                "diff": null
              },
              "uuid": "6f2f6c73-7b74-4928-b4df-4de5a15f96e2",
              "parentUUID": "c2881445-deb6-463a-aa0d-52837f86b534",
              "isHook": false,
              "skipped": false
            },
            {
              "title": "should update details for one of the users",
              "fullTitle": "API Routes Test should update details for one of the users",
              "timedOut": false,
              "duration": 8,
              "state": "failed",
              "speed": null,
              "pass": false,
              "fail": true,
              "pending": false,
              "context": null,
              "code": "request(appUrl)\n  .patch('api/v1/users/')\n  .set('Authorization', authToken)\n  .send({ name: 'updatedName', email: 'updated_email@gmail.com', password: 'updatedpassword123' })\n  .expect(200)\n  .end(done);",
              "err": {
                "message": "AggregateError",
                "estack": "AggregateError\n    at internalConnectMultiple (node:net:1114:18)\n    at afterConnectMultiple (node:net:1667:5)",
                "diff": null
              },
              "uuid": "c89d3d70-8c00-4ebf-a7cd-0cc9a73e54cd",
              "parentUUID": "c2881445-deb6-463a-aa0d-52837f86b534",
              "isHook": false,
              "skipped": false
            },
            {
              "title": "should fail to authenticate with invalid token",
              "fullTitle": "API Routes Test should fail to authenticate with invalid token",
              "timedOut": false,
              "duration": 4,
              "state": "failed",
              "speed": null,
              "pass": false,
              "fail": true,
              "pending": false,
              "context": null,
              "code": "request(appUrl)\n  .get('/api/v1/users')\n  .set('Authorization', 'invalidtoken')\n  .expect(401)\n  .end(done);",
              "err": {
                "message": "Error: expected 401 \"Unauthorized\", got 403 \"Forbidden\"",
                "estack": "Error: expected 401 \"Unauthorized\", got 403 \"Forbidden\"\n    at Context.<anonymous> (test\\api.test.js:178:8)\n    at process.processImmediate (node:internal/timers:478:21)\n----\n    at Test._assertStatus (node_modules\\supertest\\lib\\test.js:252:14)\n    at C:\\Users\\Abdul\\Desktop\\SDET\\node_modules\\supertest\\lib\\test.js:308:13\n    at Test._assertFunction (node_modules\\supertest\\lib\\test.js:285:13)\n    at Test.assert (node_modules\\supertest\\lib\\test.js:164:23)\n    at localAssert (node_modules\\supertest\\lib\\test.js:120:14)\n    at C:\\Users\\Abdul\\Desktop\\SDET\\node_modules\\supertest\\lib\\test.js:125:7\n    at Request.callback (node_modules\\superagent\\lib\\node\\index.js:867:3)\n    at C:\\Users\\Abdul\\Desktop\\SDET\\node_modules\\superagent\\lib\\node\\index.js:1070:18\n    at IncomingMessage.<anonymous> (node_modules\\superagent\\lib\\node\\parsers\\json.js:21:7)\n    at IncomingMessage.emit (node:events:530:35)\n    at endReadableNT (node:internal/streams/readable:1696:12)\n    at process.processTicksAndRejections (node:internal/process/task_queues:82:21)",
                "diff": null
              },
              "uuid": "9e271e65-71b9-4dd6-b76a-5583142e9b6e",
              "parentUUID": "c2881445-deb6-463a-aa0d-52837f86b534",
              "isHook": false,
              "skipped": false
            },
            {
              "title": "should fail to create a user with invalid body",
              "fullTitle": "API Routes Test should fail to create a user with invalid body",
              "timedOut": false,
              "duration": 8,
              "state": "failed",
              "speed": null,
              "pass": false,
              "fail": true,
              "pending": false,
              "context": null,
              "code": "request(appUrl)\n  .post('/api/v1/users')\n  .send({ invalidKey: 'invalidValue' })\n  .expect(400)\n  .end(done);",
              "err": {
                "message": "Error: expected 400 \"Bad Request\", got 200 \"OK\"",
                "estack": "Error: expected 400 \"Bad Request\", got 200 \"OK\"\n    at Context.<anonymous> (test\\api.test.js:186:8)\n    at process.processImmediate (node:internal/timers:478:21)\n----\n    at Test._assertStatus (node_modules\\supertest\\lib\\test.js:252:14)\n    at C:\\Users\\Abdul\\Desktop\\SDET\\node_modules\\supertest\\lib\\test.js:308:13\n    at Test._assertFunction (node_modules\\supertest\\lib\\test.js:285:13)\n    at Test.assert (node_modules\\supertest\\lib\\test.js:164:23)\n    at localAssert (node_modules\\supertest\\lib\\test.js:120:14)\n    at C:\\Users\\Abdul\\Desktop\\SDET\\node_modules\\supertest\\lib\\test.js:125:7\n    at Request.callback (node_modules\\superagent\\lib\\node\\index.js:857:12)\n    at C:\\Users\\Abdul\\Desktop\\SDET\\node_modules\\superagent\\lib\\node\\index.js:1070:18\n    at IncomingMessage.<anonymous> (node_modules\\superagent\\lib\\node\\parsers\\json.js:21:7)\n    at IncomingMessage.emit (node:events:530:35)\n    at endReadableNT (node:internal/streams/readable:1696:12)\n    at process.processTicksAndRejections (node:internal/process/task_queues:82:21)",
                "diff": null
              },
              "uuid": "87628281-39ab-4664-8f55-a6615bb0bbf0",
              "parentUUID": "c2881445-deb6-463a-aa0d-52837f86b534",
              "isHook": false,
              "skipped": false
            },
            {
              "title": "should create multiple users",
              "fullTitle": "API Routes Test should create multiple users",
              "timedOut": false,
              "duration": 11,
              "state": "passed",
              "speed": "fast",
              "pass": true,
              "fail": false,
              "pending": false,
              "context": null,
              "code": "request(appUrl)\n  .post('/api/v1/users')\n  .send({ name: 'user3', email: 'user3@gmail.com', password: 'user123' })\n  .expect(200)\n  .end(() => {\n    request(appUrl)\n      .post('/api/v1/users')\n      .send({ name: 'user4', email: 'user4@gmail.com', password: 'user123' })\n      .expect(200)\n      .end(done);\n  });",
              "err": {},
              "uuid": "d8d1d5a5-a108-489e-9943-0f63020f82c5",
              "parentUUID": "c2881445-deb6-463a-aa0d-52837f86b534",
              "isHook": false,
              "skipped": false
            },
            {
              "title": "should update the data of one user to be like the other",
              "fullTitle": "API Routes Test should update the data of one user to be like the other",
              "timedOut": false,
              "duration": 5,
              "state": "failed",
              "speed": null,
              "pass": false,
              "fail": true,
              "pending": false,
              "context": null,
              "code": "request(appUrl)\n  .patch('/api/v1/users/')\n  .set('Authorization', authToken)\n  .send({ name: 'user4', email: 'user4@gmail.com' }) // Update user1 to have the same data as user2\n  .expect(400) // Expecting a 400 error because users cannot have duplicate names\n  .end(done);",
              "err": {
                "message": "Error: expected 400 \"Bad Request\", got 403 \"Forbidden\"",
                "estack": "Error: expected 400 \"Bad Request\", got 403 \"Forbidden\"\n    at Context.<anonymous> (test\\api.test.js:208:8)\n    at process.processImmediate (node:internal/timers:478:21)\n----\n    at Test._assertStatus (node_modules\\supertest\\lib\\test.js:252:14)\n    at C:\\Users\\Abdul\\Desktop\\SDET\\node_modules\\supertest\\lib\\test.js:308:13\n    at Test._assertFunction (node_modules\\supertest\\lib\\test.js:285:13)\n    at Test.assert (node_modules\\supertest\\lib\\test.js:164:23)\n    at localAssert (node_modules\\supertest\\lib\\test.js:120:14)\n    at C:\\Users\\Abdul\\Desktop\\SDET\\node_modules\\supertest\\lib\\test.js:125:7\n    at Request.callback (node_modules\\superagent\\lib\\node\\index.js:867:3)\n    at C:\\Users\\Abdul\\Desktop\\SDET\\node_modules\\superagent\\lib\\node\\index.js:1070:18\n    at IncomingMessage.<anonymous> (node_modules\\superagent\\lib\\node\\parsers\\json.js:21:7)\n    at IncomingMessage.emit (node:events:530:35)\n    at endReadableNT (node:internal/streams/readable:1696:12)\n    at process.processTicksAndRejections (node:internal/process/task_queues:82:21)",
                "diff": null
              },
              "uuid": "e2582ee5-f5fa-447e-ae2f-25e099c6cfc7",
              "parentUUID": "c2881445-deb6-463a-aa0d-52837f86b534",
              "isHook": false,
              "skipped": false
            }
          ],
          "suites": [],
          "passes": [
            "991514c7-3fd3-41f8-943e-694a84ee8a1e",
            "40c0ba70-62d5-4e50-ae1e-bca516bc5747",
            "d3556771-4998-4033-9a11-d67548cd5486",
            "9a5886f2-ee05-454d-8d92-3844bae171f8",
            "38b6d1d1-8185-4428-8a4a-72cde18dedab",
            "5f572746-e3fd-4906-9267-dc78f3b03404",
            "77f48ef6-f94b-44a8-964f-4356d71bb713",
            "d8d1d5a5-a108-489e-9943-0f63020f82c5"
          ],
          "failures": [
            "4e5eb455-10a6-4c74-9bb5-f602f4442845",
            "fb03c3d8-cfaf-4562-aa78-e89dcc8ccafe",
            "48a27f27-4da8-4305-9298-86c651e98264",
            "413d02d4-bc6a-4da0-b161-6f0877894a9d",
            "a6476462-00ed-41d8-8d0c-410a96e09ce7",
            "098aa3bc-308b-4da8-9893-ec3d9ecac7dc",
            "6bfc71ae-a96f-479a-b2cd-5b95cf0196ec",
            "6f2f6c73-7b74-4928-b4df-4de5a15f96e2",
            "c89d3d70-8c00-4ebf-a7cd-0cc9a73e54cd",
            "9e271e65-71b9-4dd6-b76a-5583142e9b6e",
            "87628281-39ab-4664-8f55-a6615bb0bbf0",
            "e2582ee5-f5fa-447e-ae2f-25e099c6cfc7"
          ],
          "pending": [],
          "skipped": [],
          "duration": 224,
          "root": false,
          "rootEmpty": false,
          "_timeout": 2000
        }
      ],
      "passes": [],
      "failures": [],
      "pending": [],
      "skipped": [],
      "duration": 0,
      "root": true,
      "rootEmpty": true,
      "_timeout": 2000
    }
  ],
  "meta": {
    "mocha": {
      "version": "10.2.0"
    },
    "mochawesome": {
      "options": {
        "quiet": false,
        "reportFilename": "mochawesome",
        "saveHtml": true,
        "saveJson": true,
        "consoleReporter": "spec",
        "useInlineDiffs": false,
        "code": true
      },
      "version": "7.1.3"
    },
    "marge": {
      "options": null,
      "version": "6.2.0"
    }
  }
}