<!doctype html>
<html lang="en"><head><meta charSet="utf-8"/><meta http-equiv="X-UA-Compatible" content="IE=edge"/><meta name="viewport" content="width=device-width, initial-scale=1"/><title>Mochawesome Report</title><link rel="stylesheet" href="assets\app.css"/></head><body data-raw="{&quot;stats&quot;:{&quot;suites&quot;:1,&quot;tests&quot;:20,&quot;passes&quot;:8,&quot;pending&quot;:0,&quot;failures&quot;:12,&quot;start&quot;:&quot;2024-02-06T17:42:31.252Z&quot;,&quot;end&quot;:&quot;2024-02-06T17:42:31.510Z&quot;,&quot;duration&quot;:258,&quot;testsRegistered&quot;:20,&quot;passPercent&quot;:40,&quot;pendingPercent&quot;:0,&quot;other&quot;:0,&quot;hasOther&quot;:false,&quot;skipped&quot;:0,&quot;hasSkipped&quot;:false},&quot;results&quot;:[{&quot;uuid&quot;:&quot;30478999-9c53-4358-b9b1-93eb80f1b1d4&quot;,&quot;title&quot;:&quot;&quot;,&quot;fullFile&quot;:&quot;C:\\Users\\Abdul\\Desktop\\SDET\\test\\api.test.js&quot;,&quot;file&quot;:&quot;\\test\\api.test.js&quot;,&quot;beforeHooks&quot;:[],&quot;afterHooks&quot;:[],&quot;tests&quot;:[],&quot;suites&quot;:[{&quot;uuid&quot;:&quot;c2881445-deb6-463a-aa0d-52837f86b534&quot;,&quot;title&quot;:&quot;API Routes Test&quot;,&quot;fullFile&quot;:&quot;C:\\Users\\Abdul\\Desktop\\SDET\\test\\api.test.js&quot;,&quot;file&quot;:&quot;\\test\\api.test.js&quot;,&quot;beforeHooks&quot;:[],&quot;afterHooks&quot;:[],&quot;tests&quot;:[{&quot;title&quot;:&quot;should create a new user&quot;,&quot;fullTitle&quot;:&quot;API Routes Test should create a new user&quot;,&quot;timedOut&quot;:false,&quot;duration&quot;:83,&quot;state&quot;:&quot;failed&quot;,&quot;pass&quot;:false,&quot;fail&quot;:true,&quot;pending&quot;:false,&quot;code&quot;:&quot;request(appUrl)\n  .post(&#x27;/api/v1/users&#x27;)\n  .send({ name: &#x27;user&#x27;, email: &#x27;user@gmail.com&#x27;, password: &#x27;user123&#x27; })\n  .expect(200)\n  .end(done);&quot;,&quot;err&quot;:{&quot;message&quot;:&quot;Error: expected 200 \&quot;OK\&quot;, got 401 \&quot;Unauthorized\&quot;&quot;,&quot;estack&quot;:&quot;Error: expected 200 \&quot;OK\&quot;, got 401 \&quot;Unauthorized\&quot;\n    at Context.&lt;anonymous&gt; (test\\api.test.js:12:8)\n    at process.processImmediate (node:internal/timers:478:21)\n----\n    at Test._assertStatus (node_modules\\supertest\\lib\\test.js:252:14)\n    at C:\\Users\\Abdul\\Desktop\\SDET\\node_modules\\supertest\\lib\\test.js:308:13\n    at Test._assertFunction (node_modules\\supertest\\lib\\test.js:285:13)\n    at Test.assert (node_modules\\supertest\\lib\\test.js:164:23)\n    at localAssert (node_modules\\supertest\\lib\\test.js:120:14)\n    at C:\\Users\\Abdul\\Desktop\\SDET\\node_modules\\supertest\\lib\\test.js:125:7\n    at Request.callback (node_modules\\superagent\\lib\\node\\index.js:867:3)\n    at C:\\Users\\Abdul\\Desktop\\SDET\\node_modules\\superagent\\lib\\node\\index.js:1070:18\n    at IncomingMessage.&lt;anonymous&gt; (node_modules\\superagent\\lib\\node\\parsers\\json.js:21:7)\n    at IncomingMessage.emit (node:events:530:35)\n    at endReadableNT (node:internal/streams/readable:1696:12)\n    at process.processTicksAndRejections (node:internal/process/task_queues:82:21)&quot;},&quot;uuid&quot;:&quot;4e5eb455-10a6-4c74-9bb5-f602f4442845&quot;,&quot;parentUUID&quot;:&quot;c2881445-deb6-463a-aa0d-52837f86b534&quot;,&quot;isHook&quot;:false,&quot;skipped&quot;:false},{&quot;title&quot;:&quot;should authenticate user and get token&quot;,&quot;fullTitle&quot;:&quot;API Routes Test should authenticate user and get token&quot;,&quot;timedOut&quot;:false,&quot;duration&quot;:9,&quot;state&quot;:&quot;passed&quot;,&quot;speed&quot;:&quot;fast&quot;,&quot;pass&quot;:true,&quot;fail&quot;:false,&quot;pending&quot;:false,&quot;code&quot;:&quot;request(appUrl)\n  .post(&#x27;/api/v1/auth&#x27;)\n  .send({ email: &#x27;user@gmail.com&#x27;, password: &#x27;user123&#x27; })\n  .expect(200)\n  .end((err, res) =&gt; {\n    if (err) return done(err);\n    assert(res.body.token, &#x27;Token not provided in response&#x27;);\n    authToken = res.body.token; \n    done();\n  });&quot;,&quot;err&quot;:{},&quot;uuid&quot;:&quot;991514c7-3fd3-41f8-943e-694a84ee8a1e&quot;,&quot;parentUUID&quot;:&quot;c2881445-deb6-463a-aa0d-52837f86b534&quot;,&quot;isHook&quot;:false,&quot;skipped&quot;:false},{&quot;title&quot;:&quot;should create a new user&quot;,&quot;fullTitle&quot;:&quot;API Routes Test should create a new user&quot;,&quot;timedOut&quot;:false,&quot;duration&quot;:5,&quot;state&quot;:&quot;failed&quot;,&quot;pass&quot;:false,&quot;fail&quot;:true,&quot;pending&quot;:false,&quot;code&quot;:&quot;request(appUrl)\n  .post(&#x27;/api/v1/users&#x27;)\n  .send({ name: &#x27;user1&#x27;, email: &#x27;user1@gmail.com&#x27;, password: &#x27;user123&#x27; })\n  .expect(200)\n  .end(done);&quot;,&quot;err&quot;:{&quot;message&quot;:&quot;Error: expected 200 \&quot;OK\&quot;, got 401 \&quot;Unauthorized\&quot;&quot;,&quot;estack&quot;:&quot;Error: expected 200 \&quot;OK\&quot;, got 401 \&quot;Unauthorized\&quot;\n    at Context.&lt;anonymous&gt; (test\\api.test.js:33:8)\n    at process.processImmediate (node:internal/timers:478:21)\n----\n    at Test._assertStatus (node_modules\\supertest\\lib\\test.js:252:14)\n    at C:\\Users\\Abdul\\Desktop\\SDET\\node_modules\\supertest\\lib\\test.js:308:13\n    at Test._assertFunction (node_modules\\supertest\\lib\\test.js:285:13)\n    at Test.assert (node_modules\\supertest\\lib\\test.js:164:23)\n    at localAssert (node_modules\\supertest\\lib\\test.js:120:14)\n    at C:\\Users\\Abdul\\Desktop\\SDET\\node_modules\\supertest\\lib\\test.js:125:7\n    at Request.callback (node_modules\\superagent\\lib\\node\\index.js:867:3)\n    at C:\\Users\\Abdul\\Desktop\\SDET\\node_modules\\superagent\\lib\\node\\index.js:1070:18\n    at IncomingMessage.&lt;anonymous&gt; (node_modules\\superagent\\lib\\node\\parsers\\json.js:21:7)\n    at IncomingMessage.emit (node:events:530:35)\n    at endReadableNT (node:internal/streams/readable:1696:12)\n    at process.processTicksAndRejections (node:internal/process/task_queues:82:21)&quot;},&quot;uuid&quot;:&quot;fb03c3d8-cfaf-4562-aa78-e89dcc8ccafe&quot;,&quot;parentUUID&quot;:&quot;c2881445-deb6-463a-aa0d-52837f86b534&quot;,&quot;isHook&quot;:false,&quot;skipped&quot;:false},{&quot;title&quot;:&quot;should authenticate newly created user and get token&quot;,&quot;fullTitle&quot;:&quot;API Routes Test should authenticate newly created user and get token&quot;,&quot;timedOut&quot;:false,&quot;duration&quot;:5,&quot;state&quot;:&quot;passed&quot;,&quot;speed&quot;:&quot;fast&quot;,&quot;pass&quot;:true,&quot;fail&quot;:false,&quot;pending&quot;:false,&quot;code&quot;:&quot;request(appUrl)\n  .post(&#x27;/api/v1/auth&#x27;)\n  .send({ email: &#x27;user1@gmail.com&#x27;, password: &#x27;user123&#x27; })\n  .expect(200)\n  .end((err, res) =&gt; {\n    if (err) return done(err);\n    assert(res.body.token, &#x27;Token not provided in response&#x27;);\n    authToken = res.body.token; \n    done();\n  });&quot;,&quot;err&quot;:{},&quot;uuid&quot;:&quot;40c0ba70-62d5-4e50-ae1e-bca516bc5747&quot;,&quot;parentUUID&quot;:&quot;c2881445-deb6-463a-aa0d-52837f86b534&quot;,&quot;isHook&quot;:false,&quot;skipped&quot;:false},{&quot;title&quot;:&quot;should get user by token&quot;,&quot;fullTitle&quot;:&quot;API Routes Test should get user by token&quot;,&quot;timedOut&quot;:false,&quot;duration&quot;:7,&quot;state&quot;:&quot;passed&quot;,&quot;speed&quot;:&quot;fast&quot;,&quot;pass&quot;:true,&quot;fail&quot;:false,&quot;pending&quot;:false,&quot;code&quot;:&quot;request(appUrl)\n  .get(&#x27;/api/v1/users&#x27;)\n  .set(&#x27;Authorization&#x27;, authToken)\n  .expect(200)\n  .end((err, res) =&gt; {\n    if (err) return done(err);\n    assert.strictEqual(res.body.name, &#x27;user1&#x27;);\n    assert.strictEqual(res.body.email, &#x27;user1@gmail.com&#x27;);\n    done();\n  });&quot;,&quot;err&quot;:{},&quot;uuid&quot;:&quot;d3556771-4998-4033-9a11-d67548cd5486&quot;,&quot;parentUUID&quot;:&quot;c2881445-deb6-463a-aa0d-52837f86b534&quot;,&quot;isHook&quot;:false,&quot;skipped&quot;:false},{&quot;title&quot;:&quot;should update user by token&quot;,&quot;fullTitle&quot;:&quot;API Routes Test should update user by token&quot;,&quot;timedOut&quot;:false,&quot;duration&quot;:9,&quot;state&quot;:&quot;passed&quot;,&quot;speed&quot;:&quot;fast&quot;,&quot;pass&quot;:true,&quot;fail&quot;:false,&quot;pending&quot;:false,&quot;code&quot;:&quot;request(appUrl)\n  .patch(&#x27;/api/v1/users&#x27;)\n  .set(&#x27;Authorization&#x27;, authToken)\n  .send({ name: &#x27;newName&#x27;, email: &#x27;new_email@gmail.com&#x27;, password: &#x27;newpassword123&#x27; })\n  .expect(200)\n  .end(done);&quot;,&quot;err&quot;:{},&quot;uuid&quot;:&quot;9a5886f2-ee05-454d-8d92-3844bae171f8&quot;,&quot;parentUUID&quot;:&quot;c2881445-deb6-463a-aa0d-52837f86b534&quot;,&quot;isHook&quot;:false,&quot;skipped&quot;:false},{&quot;title&quot;:&quot;should delete user by token&quot;,&quot;fullTitle&quot;:&quot;API Routes Test should delete user by token&quot;,&quot;timedOut&quot;:false,&quot;duration&quot;:9,&quot;state&quot;:&quot;failed&quot;,&quot;pass&quot;:false,&quot;fail&quot;:true,&quot;pending&quot;:false,&quot;code&quot;:&quot;request(appUrl)\n  .delete(&#x27;/api/v1/users&#x27;)\n  .set(&#x27;Authorization&#x27;, authToken)\n  .expect(200)\n  .end(done);&quot;,&quot;err&quot;:{&quot;message&quot;:&quot;Error: expected 200 \&quot;OK\&quot;, got 403 \&quot;Forbidden\&quot;&quot;,&quot;estack&quot;:&quot;Error: expected 200 \&quot;OK\&quot;, got 403 \&quot;Forbidden\&quot;\n    at Context.&lt;anonymous&gt; (test\\api.test.js:75:8)\n    at process.processImmediate (node:internal/timers:478:21)\n----\n    at Test._assertStatus (node_modules\\supertest\\lib\\test.js:252:14)\n    at C:\\Users\\Abdul\\Desktop\\SDET\\node_modules\\supertest\\lib\\test.js:308:13\n    at Test._assertFunction (node_modules\\supertest\\lib\\test.js:285:13)\n    at Test.assert (node_modules\\supertest\\lib\\test.js:164:23)\n    at localAssert (node_modules\\supertest\\lib\\test.js:120:14)\n    at C:\\Users\\Abdul\\Desktop\\SDET\\node_modules\\supertest\\lib\\test.js:125:7\n    at Request.callback (node_modules\\superagent\\lib\\node\\index.js:867:3)\n    at C:\\Users\\Abdul\\Desktop\\SDET\\node_modules\\superagent\\lib\\node\\index.js:1070:18\n    at IncomingMessage.&lt;anonymous&gt; (node_modules\\superagent\\lib\\node\\parsers\\json.js:21:7)\n    at IncomingMessage.emit (node:events:530:35)\n    at endReadableNT (node:internal/streams/readable:1696:12)\n    at process.processTicksAndRejections (node:internal/process/task_queues:82:21)&quot;},&quot;uuid&quot;:&quot;48a27f27-4da8-4305-9298-86c651e98264&quot;,&quot;parentUUID&quot;:&quot;c2881445-deb6-463a-aa0d-52837f86b534&quot;,&quot;isHook&quot;:false,&quot;skipped&quot;:false},{&quot;title&quot;:&quot;should delete all users&quot;,&quot;fullTitle&quot;:&quot;API Routes Test should delete all users&quot;,&quot;timedOut&quot;:false,&quot;duration&quot;:6,&quot;state&quot;:&quot;passed&quot;,&quot;speed&quot;:&quot;fast&quot;,&quot;pass&quot;:true,&quot;fail&quot;:false,&quot;pending&quot;:false,&quot;code&quot;:&quot;request(appUrl)\n  .delete(&#x27;/api/v1/all-users&#x27;)\n  .send({ key_admin: &#x27;keyadmin123&#x27; })\n  .expect(200)\n  .end(done);&quot;,&quot;err&quot;:{},&quot;uuid&quot;:&quot;38b6d1d1-8185-4428-8a4a-72cde18dedab&quot;,&quot;parentUUID&quot;:&quot;c2881445-deb6-463a-aa0d-52837f86b534&quot;,&quot;isHook&quot;:false,&quot;skipped&quot;:false},{&quot;title&quot;:&quot;should authenticate user and get token&quot;,&quot;fullTitle&quot;:&quot;API Routes Test should authenticate user and get token&quot;,&quot;timedOut&quot;:false,&quot;duration&quot;:8,&quot;state&quot;:&quot;failed&quot;,&quot;pass&quot;:false,&quot;fail&quot;:true,&quot;pending&quot;:false,&quot;code&quot;:&quot;request(appUrl)\n  .post(&#x27;/api/v1/auth&#x27;)\n  .send({ email: &#x27;user@gmail.com&#x27;, password: &#x27;user123&#x27; })\n  .expect(200)\n  .end((err, res) =&gt; {\n    if (err) return done(err);\n    assert(res.body.token, &#x27;Token not provided in response&#x27;);\n    authToken = res.body.token; \n    done();\n  });&quot;,&quot;err&quot;:{&quot;message&quot;:&quot;Error: expected 200 \&quot;OK\&quot;, got 401 \&quot;Unauthorized\&quot;&quot;,&quot;estack&quot;:&quot;Error: expected 200 \&quot;OK\&quot;, got 401 \&quot;Unauthorized\&quot;\n    at Context.&lt;anonymous&gt; (test\\api.test.js:91:8)\n    at process.processImmediate (node:internal/timers:478:21)\n----\n    at Test._assertStatus (node_modules\\supertest\\lib\\test.js:252:14)\n    at C:\\Users\\Abdul\\Desktop\\SDET\\node_modules\\supertest\\lib\\test.js:308:13\n    at Test._assertFunction (node_modules\\supertest\\lib\\test.js:285:13)\n    at Test.assert (node_modules\\supertest\\lib\\test.js:164:23)\n    at localAssert (node_modules\\supertest\\lib\\test.js:120:14)\n    at C:\\Users\\Abdul\\Desktop\\SDET\\node_modules\\supertest\\lib\\test.js:125:7\n    at Request.callback (node_modules\\superagent\\lib\\node\\index.js:867:3)\n    at C:\\Users\\Abdul\\Desktop\\SDET\\node_modules\\superagent\\lib\\node\\index.js:1070:18\n    at IncomingMessage.&lt;anonymous&gt; (node_modules\\superagent\\lib\\node\\parsers\\json.js:21:7)\n    at IncomingMessage.emit (node:events:530:35)\n    at endReadableNT (node:internal/streams/readable:1696:12)\n    at process.processTicksAndRejections (node:internal/process/task_queues:82:21)&quot;},&quot;uuid&quot;:&quot;413d02d4-bc6a-4da0-b161-6f0877894a9d&quot;,&quot;parentUUID&quot;:&quot;c2881445-deb6-463a-aa0d-52837f86b534&quot;,&quot;isHook&quot;:false,&quot;skipped&quot;:false},{&quot;title&quot;:&quot;should create a new user&quot;,&quot;fullTitle&quot;:&quot;API Routes Test should create a new user&quot;,&quot;timedOut&quot;:false,&quot;duration&quot;:10,&quot;state&quot;:&quot;failed&quot;,&quot;pass&quot;:false,&quot;fail&quot;:true,&quot;pending&quot;:false,&quot;code&quot;:&quot;request(appUrl)\n  .post(&#x27;/api/v1/users&#x27;)\n  .send({ name: &#x27;user5&#x27;, email: &#x27;user5@gmail.com&#x27;, password: &#x27;user123&#x27; })\n  .expect(200)\n  .end((err, res) =&gt; {\n    if (err) return done(err);\n    assert(res.body.token, &#x27;Token not provided in response&#x27;);\n    userId = res.body.id; // Save the ID of the created user\n    done();\n  });&quot;,&quot;err&quot;:{&quot;message&quot;:&quot;AssertionError: Token not provided in response&quot;,&quot;estack&quot;:&quot;AssertionError [ERR_ASSERTION]: Token not provided in response\n    at Test.&lt;anonymous&gt; (test\\api.test.js:107:9)\n    at Test.assert (node_modules\\supertest\\lib\\test.js:172:8)\n    at localAssert (node_modules\\supertest\\lib\\test.js:120:14)\n    at C:\\Users\\Abdul\\Desktop\\SDET\\node_modules\\supertest\\lib\\test.js:125:7\n    at Request.callback (node_modules\\superagent\\lib\\node\\index.js:857:12)\n    at C:\\Users\\Abdul\\Desktop\\SDET\\node_modules\\superagent\\lib\\node\\index.js:1070:18\n    at IncomingMessage.&lt;anonymous&gt; (node_modules\\superagent\\lib\\node\\parsers\\json.js:21:7)\n    at IncomingMessage.emit (node:events:530:35)\n    at endReadableNT (node:internal/streams/readable:1696:12)\n    at process.processTicksAndRejections (node:internal/process/task_queues:82:21)&quot;},&quot;uuid&quot;:&quot;a6476462-00ed-41d8-8d0c-410a96e09ce7&quot;,&quot;parentUUID&quot;:&quot;c2881445-deb6-463a-aa0d-52837f86b534&quot;,&quot;isHook&quot;:false,&quot;skipped&quot;:false},{&quot;title&quot;:&quot;should create a new user&quot;,&quot;fullTitle&quot;:&quot;API Routes Test should create a new user&quot;,&quot;timedOut&quot;:false,&quot;duration&quot;:8,&quot;state&quot;:&quot;passed&quot;,&quot;speed&quot;:&quot;fast&quot;,&quot;pass&quot;:true,&quot;fail&quot;:false,&quot;pending&quot;:false,&quot;code&quot;:&quot;request(appUrl)\n  .post(&#x27;/api/v1/users&#x27;)\n  .send({ name: &#x27;user&#x27;, email: &#x27;user@gmail.com&#x27;, password: &#x27;user123&#x27; })\n  .expect(200)\n  .end(done);&quot;,&quot;err&quot;:{},&quot;uuid&quot;:&quot;5f572746-e3fd-4906-9267-dc78f3b03404&quot;,&quot;parentUUID&quot;:&quot;c2881445-deb6-463a-aa0d-52837f86b534&quot;,&quot;isHook&quot;:false,&quot;skipped&quot;:false},{&quot;title&quot;:&quot;should delete the created user&quot;,&quot;fullTitle&quot;:&quot;API Routes Test should delete the created user&quot;,&quot;timedOut&quot;:false,&quot;duration&quot;:5,&quot;state&quot;:&quot;failed&quot;,&quot;pass&quot;:false,&quot;fail&quot;:true,&quot;pending&quot;:false,&quot;code&quot;:&quot;request(appUrl)\n  .delete(&#x27;/api/v1/users/&#x27;)\n  .set(&#x27;Authorization&#x27;, authToken)\n  .expect(200)\n  .end(done);&quot;,&quot;err&quot;:{&quot;message&quot;:&quot;Error: expected 200 \&quot;OK\&quot;, got 403 \&quot;Forbidden\&quot;&quot;,&quot;estack&quot;:&quot;Error: expected 200 \&quot;OK\&quot;, got 403 \&quot;Forbidden\&quot;\n    at Context.&lt;anonymous&gt; (test\\api.test.js:124:8)\n    at process.processImmediate (node:internal/timers:478:21)\n----\n    at Test._assertStatus (node_modules\\supertest\\lib\\test.js:252:14)\n    at C:\\Users\\Abdul\\Desktop\\SDET\\node_modules\\supertest\\lib\\test.js:308:13\n    at Test._assertFunction (node_modules\\supertest\\lib\\test.js:285:13)\n    at Test.assert (node_modules\\supertest\\lib\\test.js:164:23)\n    at localAssert (node_modules\\supertest\\lib\\test.js:120:14)\n    at C:\\Users\\Abdul\\Desktop\\SDET\\node_modules\\supertest\\lib\\test.js:125:7\n    at Request.callback (node_modules\\superagent\\lib\\node\\index.js:867:3)\n    at C:\\Users\\Abdul\\Desktop\\SDET\\node_modules\\superagent\\lib\\node\\index.js:1070:18\n    at IncomingMessage.&lt;anonymous&gt; (node_modules\\superagent\\lib\\node\\parsers\\json.js:21:7)\n    at IncomingMessage.emit (node:events:530:35)\n    at endReadableNT (node:internal/streams/readable:1696:12)\n    at process.processTicksAndRejections (node:internal/process/task_queues:82:21)&quot;},&quot;uuid&quot;:&quot;098aa3bc-308b-4da8-9893-ec3d9ecac7dc&quot;,&quot;parentUUID&quot;:&quot;c2881445-deb6-463a-aa0d-52837f86b534&quot;,&quot;isHook&quot;:false,&quot;skipped&quot;:false},{&quot;title&quot;:&quot;should fail to authenticate a recently deleted user&quot;,&quot;fullTitle&quot;:&quot;API Routes Test should fail to authenticate a recently deleted user&quot;,&quot;timedOut&quot;:false,&quot;duration&quot;:6,&quot;state&quot;:&quot;failed&quot;,&quot;pass&quot;:false,&quot;fail&quot;:true,&quot;pending&quot;:false,&quot;code&quot;:&quot;request(appUrl)\n  .post(&#x27;/api/v1/auth&#x27;)\n  .send({ email: &#x27;user@gmail.com&#x27;, password: &#x27;user123&#x27; })\n  .expect(401)\n  .end(done);&quot;,&quot;err&quot;:{&quot;message&quot;:&quot;Error: expected 401 \&quot;Unauthorized\&quot;, got 200 \&quot;OK\&quot;&quot;,&quot;estack&quot;:&quot;Error: expected 401 \&quot;Unauthorized\&quot;, got 200 \&quot;OK\&quot;\n    at Context.&lt;anonymous&gt; (test\\api.test.js:132:8)\n    at process.processImmediate (node:internal/timers:478:21)\n----\n    at Test._assertStatus (node_modules\\supertest\\lib\\test.js:252:14)\n    at C:\\Users\\Abdul\\Desktop\\SDET\\node_modules\\supertest\\lib\\test.js:308:13\n    at Test._assertFunction (node_modules\\supertest\\lib\\test.js:285:13)\n    at Test.assert (node_modules\\supertest\\lib\\test.js:164:23)\n    at localAssert (node_modules\\supertest\\lib\\test.js:120:14)\n    at C:\\Users\\Abdul\\Desktop\\SDET\\node_modules\\supertest\\lib\\test.js:125:7\n    at Request.callback (node_modules\\superagent\\lib\\node\\index.js:857:12)\n    at C:\\Users\\Abdul\\Desktop\\SDET\\node_modules\\superagent\\lib\\node\\index.js:1070:18\n    at IncomingMessage.&lt;anonymous&gt; (node_modules\\superagent\\lib\\node\\parsers\\json.js:21:7)\n    at IncomingMessage.emit (node:events:530:35)\n    at endReadableNT (node:internal/streams/readable:1696:12)\n    at process.processTicksAndRejections (node:internal/process/task_queues:82:21)&quot;},&quot;uuid&quot;:&quot;6bfc71ae-a96f-479a-b2cd-5b95cf0196ec&quot;,&quot;parentUUID&quot;:&quot;c2881445-deb6-463a-aa0d-52837f86b534&quot;,&quot;isHook&quot;:false,&quot;skipped&quot;:false},{&quot;title&quot;:&quot;should create multiple users&quot;,&quot;fullTitle&quot;:&quot;API Routes Test should create multiple users&quot;,&quot;timedOut&quot;:false,&quot;duration&quot;:14,&quot;state&quot;:&quot;passed&quot;,&quot;speed&quot;:&quot;fast&quot;,&quot;pass&quot;:true,&quot;fail&quot;:false,&quot;pending&quot;:false,&quot;code&quot;:&quot;request(appUrl)\n  .post(&#x27;/api/v1/users&#x27;)\n  .send({ name: &#x27;user1&#x27;, email: &#x27;user1@gmail.com&#x27;, password: &#x27;user123&#x27; })\n  .expect(200)\n  .end(() =&gt; {\n    request(appUrl)\n      .post(&#x27;/api/v1/users&#x27;)\n      .send({ name: &#x27;user2&#x27;, email: &#x27;user2@gmail.com&#x27;, password: &#x27;user123&#x27; })\n      .expect(200)\n      .end(done);\n  });&quot;,&quot;err&quot;:{},&quot;uuid&quot;:&quot;77f48ef6-f94b-44a8-964f-4356d71bb713&quot;,&quot;parentUUID&quot;:&quot;c2881445-deb6-463a-aa0d-52837f86b534&quot;,&quot;isHook&quot;:false,&quot;skipped&quot;:false},{&quot;title&quot;:&quot;should authenticate and get details for one of the users&quot;,&quot;fullTitle&quot;:&quot;API Routes Test should authenticate and get details for one of the users&quot;,&quot;timedOut&quot;:false,&quot;duration&quot;:4,&quot;state&quot;:&quot;failed&quot;,&quot;pass&quot;:false,&quot;fail&quot;:true,&quot;pending&quot;:false,&quot;code&quot;:&quot;request(appUrl)\n  .get(&#x27;/api/v1/users&#x27;)\n  .set(&#x27;Authorization&#x27;, authToken)\n  .expect(200)\n  .end((err, res) =&gt; {\n    if (err) return done(err);\n    // Assuming the response contains an array of users, check details of the first user\n    const user = res.body[0];\n    assert.strictEqual(user.name, &#x27;user1&#x27;);\n    assert.strictEqual(user.email, &#x27;user1@gmail.com&#x27;);\n    done();\n  });&quot;,&quot;err&quot;:{&quot;message&quot;:&quot;Error: expected 200 \&quot;OK\&quot;, got 403 \&quot;Forbidden\&quot;&quot;,&quot;estack&quot;:&quot;Error: expected 200 \&quot;OK\&quot;, got 403 \&quot;Forbidden\&quot;\n    at Context.&lt;anonymous&gt; (test\\api.test.js:154:8)\n    at process.processImmediate (node:internal/timers:478:21)\n----\n    at Test._assertStatus (node_modules\\supertest\\lib\\test.js:252:14)\n    at C:\\Users\\Abdul\\Desktop\\SDET\\node_modules\\supertest\\lib\\test.js:308:13\n    at Test._assertFunction (node_modules\\supertest\\lib\\test.js:285:13)\n    at Test.assert (node_modules\\supertest\\lib\\test.js:164:23)\n    at localAssert (node_modules\\supertest\\lib\\test.js:120:14)\n    at C:\\Users\\Abdul\\Desktop\\SDET\\node_modules\\supertest\\lib\\test.js:125:7\n    at Request.callback (node_modules\\superagent\\lib\\node\\index.js:867:3)\n    at C:\\Users\\Abdul\\Desktop\\SDET\\node_modules\\superagent\\lib\\node\\index.js:1070:18\n    at IncomingMessage.&lt;anonymous&gt; (node_modules\\superagent\\lib\\node\\parsers\\json.js:21:7)\n    at IncomingMessage.emit (node:events:530:35)\n    at endReadableNT (node:internal/streams/readable:1696:12)\n    at process.processTicksAndRejections (node:internal/process/task_queues:82:21)&quot;},&quot;uuid&quot;:&quot;6f2f6c73-7b74-4928-b4df-4de5a15f96e2&quot;,&quot;parentUUID&quot;:&quot;c2881445-deb6-463a-aa0d-52837f86b534&quot;,&quot;isHook&quot;:false,&quot;skipped&quot;:false},{&quot;title&quot;:&quot;should update details for one of the users&quot;,&quot;fullTitle&quot;:&quot;API Routes Test should update details for one of the users&quot;,&quot;timedOut&quot;:false,&quot;duration&quot;:8,&quot;state&quot;:&quot;failed&quot;,&quot;pass&quot;:false,&quot;fail&quot;:true,&quot;pending&quot;:false,&quot;code&quot;:&quot;request(appUrl)\n  .patch(&#x27;api/v1/users/&#x27;)\n  .set(&#x27;Authorization&#x27;, authToken)\n  .send({ name: &#x27;updatedName&#x27;, email: &#x27;updated_email@gmail.com&#x27;, password: &#x27;updatedpassword123&#x27; })\n  .expect(200)\n  .end(done);&quot;,&quot;err&quot;:{&quot;message&quot;:&quot;AggregateError&quot;,&quot;estack&quot;:&quot;AggregateError\n    at internalConnectMultiple (node:net:1114:18)\n    at afterConnectMultiple (node:net:1667:5)&quot;},&quot;uuid&quot;:&quot;c89d3d70-8c00-4ebf-a7cd-0cc9a73e54cd&quot;,&quot;parentUUID&quot;:&quot;c2881445-deb6-463a-aa0d-52837f86b534&quot;,&quot;isHook&quot;:false,&quot;skipped&quot;:false},{&quot;title&quot;:&quot;should fail to authenticate with invalid token&quot;,&quot;fullTitle&quot;:&quot;API Routes Test should fail to authenticate with invalid token&quot;,&quot;timedOut&quot;:false,&quot;duration&quot;:4,&quot;state&quot;:&quot;failed&quot;,&quot;pass&quot;:false,&quot;fail&quot;:true,&quot;pending&quot;:false,&quot;code&quot;:&quot;request(appUrl)\n  .get(&#x27;/api/v1/users&#x27;)\n  .set(&#x27;Authorization&#x27;, &#x27;invalidtoken&#x27;)\n  .expect(401)\n  .end(done);&quot;,&quot;err&quot;:{&quot;message&quot;:&quot;Error: expected 401 \&quot;Unauthorized\&quot;, got 403 \&quot;Forbidden\&quot;&quot;,&quot;estack&quot;:&quot;Error: expected 401 \&quot;Unauthorized\&quot;, got 403 \&quot;Forbidden\&quot;\n    at Context.&lt;anonymous&gt; (test\\api.test.js:178:8)\n    at process.processImmediate (node:internal/timers:478:21)\n----\n    at Test._assertStatus (node_modules\\supertest\\lib\\test.js:252:14)\n    at C:\\Users\\Abdul\\Desktop\\SDET\\node_modules\\supertest\\lib\\test.js:308:13\n    at Test._assertFunction (node_modules\\supertest\\lib\\test.js:285:13)\n    at Test.assert (node_modules\\supertest\\lib\\test.js:164:23)\n    at localAssert (node_modules\\supertest\\lib\\test.js:120:14)\n    at C:\\Users\\Abdul\\Desktop\\SDET\\node_modules\\supertest\\lib\\test.js:125:7\n    at Request.callback (node_modules\\superagent\\lib\\node\\index.js:867:3)\n    at C:\\Users\\Abdul\\Desktop\\SDET\\node_modules\\superagent\\lib\\node\\index.js:1070:18\n    at IncomingMessage.&lt;anonymous&gt; (node_modules\\superagent\\lib\\node\\parsers\\json.js:21:7)\n    at IncomingMessage.emit (node:events:530:35)\n    at endReadableNT (node:internal/streams/readable:1696:12)\n    at process.processTicksAndRejections (node:internal/process/task_queues:82:21)&quot;},&quot;uuid&quot;:&quot;9e271e65-71b9-4dd6-b76a-5583142e9b6e&quot;,&quot;parentUUID&quot;:&quot;c2881445-deb6-463a-aa0d-52837f86b534&quot;,&quot;isHook&quot;:false,&quot;skipped&quot;:false},{&quot;title&quot;:&quot;should fail to create a user with invalid body&quot;,&quot;fullTitle&quot;:&quot;API Routes Test should fail to create a user with invalid body&quot;,&quot;timedOut&quot;:false,&quot;duration&quot;:8,&quot;state&quot;:&quot;failed&quot;,&quot;pass&quot;:false,&quot;fail&quot;:true,&quot;pending&quot;:false,&quot;code&quot;:&quot;request(appUrl)\n  .post(&#x27;/api/v1/users&#x27;)\n  .send({ invalidKey: &#x27;invalidValue&#x27; })\n  .expect(400)\n  .end(done);&quot;,&quot;err&quot;:{&quot;message&quot;:&quot;Error: expected 400 \&quot;Bad Request\&quot;, got 200 \&quot;OK\&quot;&quot;,&quot;estack&quot;:&quot;Error: expected 400 \&quot;Bad Request\&quot;, got 200 \&quot;OK\&quot;\n    at Context.&lt;anonymous&gt; (test\\api.test.js:186:8)\n    at process.processImmediate (node:internal/timers:478:21)\n----\n    at Test._assertStatus (node_modules\\supertest\\lib\\test.js:252:14)\n    at C:\\Users\\Abdul\\Desktop\\SDET\\node_modules\\supertest\\lib\\test.js:308:13\n    at Test._assertFunction (node_modules\\supertest\\lib\\test.js:285:13)\n    at Test.assert (node_modules\\supertest\\lib\\test.js:164:23)\n    at localAssert (node_modules\\supertest\\lib\\test.js:120:14)\n    at C:\\Users\\Abdul\\Desktop\\SDET\\node_modules\\supertest\\lib\\test.js:125:7\n    at Request.callback (node_modules\\superagent\\lib\\node\\index.js:857:12)\n    at C:\\Users\\Abdul\\Desktop\\SDET\\node_modules\\superagent\\lib\\node\\index.js:1070:18\n    at IncomingMessage.&lt;anonymous&gt; (node_modules\\superagent\\lib\\node\\parsers\\json.js:21:7)\n    at IncomingMessage.emit (node:events:530:35)\n    at endReadableNT (node:internal/streams/readable:1696:12)\n    at process.processTicksAndRejections (node:internal/process/task_queues:82:21)&quot;},&quot;uuid&quot;:&quot;87628281-39ab-4664-8f55-a6615bb0bbf0&quot;,&quot;parentUUID&quot;:&quot;c2881445-deb6-463a-aa0d-52837f86b534&quot;,&quot;isHook&quot;:false,&quot;skipped&quot;:false},{&quot;title&quot;:&quot;should create multiple users&quot;,&quot;fullTitle&quot;:&quot;API Routes Test should create multiple users&quot;,&quot;timedOut&quot;:false,&quot;duration&quot;:11,&quot;state&quot;:&quot;passed&quot;,&quot;speed&quot;:&quot;fast&quot;,&quot;pass&quot;:true,&quot;fail&quot;:false,&quot;pending&quot;:false,&quot;code&quot;:&quot;request(appUrl)\n  .post(&#x27;/api/v1/users&#x27;)\n  .send({ name: &#x27;user3&#x27;, email: &#x27;user3@gmail.com&#x27;, password: &#x27;user123&#x27; })\n  .expect(200)\n  .end(() =&gt; {\n    request(appUrl)\n      .post(&#x27;/api/v1/users&#x27;)\n      .send({ name: &#x27;user4&#x27;, email: &#x27;user4@gmail.com&#x27;, password: &#x27;user123&#x27; })\n      .expect(200)\n      .end(done);\n  });&quot;,&quot;err&quot;:{},&quot;uuid&quot;:&quot;d8d1d5a5-a108-489e-9943-0f63020f82c5&quot;,&quot;parentUUID&quot;:&quot;c2881445-deb6-463a-aa0d-52837f86b534&quot;,&quot;isHook&quot;:false,&quot;skipped&quot;:false},{&quot;title&quot;:&quot;should update the data of one user to be like the other&quot;,&quot;fullTitle&quot;:&quot;API Routes Test should update the data of one user to be like the other&quot;,&quot;timedOut&quot;:false,&quot;duration&quot;:5,&quot;state&quot;:&quot;failed&quot;,&quot;pass&quot;:false,&quot;fail&quot;:true,&quot;pending&quot;:false,&quot;code&quot;:&quot;request(appUrl)\n  .patch(&#x27;/api/v1/users/&#x27;)\n  .set(&#x27;Authorization&#x27;, authToken)\n  .send({ name: &#x27;user4&#x27;, email: &#x27;user4@gmail.com&#x27; }) // Update user1 to have the same data as user2\n  .expect(400) // Expecting a 400 error because users cannot have duplicate names\n  .end(done);&quot;,&quot;err&quot;:{&quot;message&quot;:&quot;Error: expected 400 \&quot;Bad Request\&quot;, got 403 \&quot;Forbidden\&quot;&quot;,&quot;estack&quot;:&quot;Error: expected 400 \&quot;Bad Request\&quot;, got 403 \&quot;Forbidden\&quot;\n    at Context.&lt;anonymous&gt; (test\\api.test.js:208:8)\n    at process.processImmediate (node:internal/timers:478:21)\n----\n    at Test._assertStatus (node_modules\\supertest\\lib\\test.js:252:14)\n    at C:\\Users\\Abdul\\Desktop\\SDET\\node_modules\\supertest\\lib\\test.js:308:13\n    at Test._assertFunction (node_modules\\supertest\\lib\\test.js:285:13)\n    at Test.assert (node_modules\\supertest\\lib\\test.js:164:23)\n    at localAssert (node_modules\\supertest\\lib\\test.js:120:14)\n    at C:\\Users\\Abdul\\Desktop\\SDET\\node_modules\\supertest\\lib\\test.js:125:7\n    at Request.callback (node_modules\\superagent\\lib\\node\\index.js:867:3)\n    at C:\\Users\\Abdul\\Desktop\\SDET\\node_modules\\superagent\\lib\\node\\index.js:1070:18\n    at IncomingMessage.&lt;anonymous&gt; (node_modules\\superagent\\lib\\node\\parsers\\json.js:21:7)\n    at IncomingMessage.emit (node:events:530:35)\n    at endReadableNT (node:internal/streams/readable:1696:12)\n    at process.processTicksAndRejections (node:internal/process/task_queues:82:21)&quot;},&quot;uuid&quot;:&quot;e2582ee5-f5fa-447e-ae2f-25e099c6cfc7&quot;,&quot;parentUUID&quot;:&quot;c2881445-deb6-463a-aa0d-52837f86b534&quot;,&quot;isHook&quot;:false,&quot;skipped&quot;:false}],&quot;suites&quot;:[],&quot;passes&quot;:[&quot;991514c7-3fd3-41f8-943e-694a84ee8a1e&quot;,&quot;40c0ba70-62d5-4e50-ae1e-bca516bc5747&quot;,&quot;d3556771-4998-4033-9a11-d67548cd5486&quot;,&quot;9a5886f2-ee05-454d-8d92-3844bae171f8&quot;,&quot;38b6d1d1-8185-4428-8a4a-72cde18dedab&quot;,&quot;5f572746-e3fd-4906-9267-dc78f3b03404&quot;,&quot;77f48ef6-f94b-44a8-964f-4356d71bb713&quot;,&quot;d8d1d5a5-a108-489e-9943-0f63020f82c5&quot;],&quot;failures&quot;:[&quot;4e5eb455-10a6-4c74-9bb5-f602f4442845&quot;,&quot;fb03c3d8-cfaf-4562-aa78-e89dcc8ccafe&quot;,&quot;48a27f27-4da8-4305-9298-86c651e98264&quot;,&quot;413d02d4-bc6a-4da0-b161-6f0877894a9d&quot;,&quot;a6476462-00ed-41d8-8d0c-410a96e09ce7&quot;,&quot;098aa3bc-308b-4da8-9893-ec3d9ecac7dc&quot;,&quot;6bfc71ae-a96f-479a-b2cd-5b95cf0196ec&quot;,&quot;6f2f6c73-7b74-4928-b4df-4de5a15f96e2&quot;,&quot;c89d3d70-8c00-4ebf-a7cd-0cc9a73e54cd&quot;,&quot;9e271e65-71b9-4dd6-b76a-5583142e9b6e&quot;,&quot;87628281-39ab-4664-8f55-a6615bb0bbf0&quot;,&quot;e2582ee5-f5fa-447e-ae2f-25e099c6cfc7&quot;],&quot;pending&quot;:[],&quot;skipped&quot;:[],&quot;duration&quot;:224,&quot;root&quot;:false,&quot;rootEmpty&quot;:false,&quot;_timeout&quot;:2000}],&quot;passes&quot;:[],&quot;failures&quot;:[],&quot;pending&quot;:[],&quot;skipped&quot;:[],&quot;duration&quot;:0,&quot;root&quot;:true,&quot;rootEmpty&quot;:true,&quot;_timeout&quot;:2000}],&quot;meta&quot;:{&quot;mocha&quot;:{&quot;version&quot;:&quot;10.2.0&quot;},&quot;mochawesome&quot;:{&quot;options&quot;:{&quot;quiet&quot;:false,&quot;reportFilename&quot;:&quot;mochawesome&quot;,&quot;saveHtml&quot;:true,&quot;saveJson&quot;:true,&quot;consoleReporter&quot;:&quot;spec&quot;,&quot;useInlineDiffs&quot;:false,&quot;code&quot;:true},&quot;version&quot;:&quot;7.1.3&quot;},&quot;marge&quot;:{&quot;version&quot;:&quot;6.2.0&quot;}}}" data-config="{&quot;reportFilename&quot;:&quot;mochawesome&quot;,&quot;reportDir&quot;:&quot;mochawesome-report&quot;,&quot;reportTitle&quot;:&quot;SDET&quot;,&quot;reportPageTitle&quot;:&quot;Mochawesome Report&quot;,&quot;inline&quot;:false,&quot;inlineAssets&quot;:false,&quot;cdn&quot;:false,&quot;charts&quot;:false,&quot;enableCharts&quot;:false,&quot;code&quot;:true,&quot;enableCode&quot;:true,&quot;autoOpen&quot;:false,&quot;overwrite&quot;:true,&quot;timestamp&quot;:false,&quot;ts&quot;:false,&quot;showPassed&quot;:true,&quot;showFailed&quot;:true,&quot;showPending&quot;:true,&quot;showSkipped&quot;:false,&quot;showHooks&quot;:&quot;failed&quot;,&quot;saveJson&quot;:true,&quot;saveHtml&quot;:true,&quot;dev&quot;:false,&quot;assetsDir&quot;:&quot;mochawesome-report\\assets&quot;,&quot;jsonFile&quot;:&quot;C:\\Users\\Abdul\\Desktop\\SDET\\mochawesome-report\\mochawesome.json&quot;,&quot;htmlFile&quot;:&quot;C:\\Users\\Abdul\\Desktop\\SDET\\mochawesome-report\\mochawesome.html&quot;}"><div id="report"></div><script src="assets\app.js"></script></body></html>