{
  "stats": {
    "suites": 1,
    "tests": 20,
    "passes": 8,
    "pending": 0,
    "failures": 12,
    "start": "2024-01-30T18:57:58.690Z",
    "end": "2024-01-30T18:57:58.922Z",
    "duration": 232,
    "testsRegistered": 20,
    "passPercent": 40,
    "pendingPercent": 0,
    "other": 0,
    "hasOther": false,
    "skipped": 0,
    "hasSkipped": false
  },
  "results": [
    {
      "uuid": "ce1fbc28-6d58-4285-acec-61aefd3718b3",
      "title": "",
      "fullFile": "C:\\Users\\Abdul\\Desktop\\SDET\\test\\api.test.js",
      "file": "\\test\\api.test.js",
      "beforeHooks": [],
      "afterHooks": [],
      "tests": [],
      "suites": [
        {
          "uuid": "ea4d1cf1-8897-4cd3-ac59-6e6e31285224",
          "title": "API Routes Test",
          "fullFile": "C:\\Users\\Abdul\\Desktop\\SDET\\test\\api.test.js",
          "file": "\\test\\api.test.js",
          "beforeHooks": [],
          "afterHooks": [],
          "tests": [
            {
              "title": "should create a new user",
              "fullTitle": "API Routes Test should create a new user",
              "timedOut": false,
              "duration": 72,
              "state": "failed",
              "speed": null,
              "pass": false,
              "fail": true,
              "pending": false,
              "context": null,
              "code": "request(appUrl)\n  .post('/api/v1/users')\n  .send({ name: 'user', email: 'user@gmail.com', password: 'user123' })\n  .expect(200)\n  .end(done);",
              "err": {
                "message": "Error: expected 200 \"OK\", got 401 \"Unauthorized\"",
                "estack": "Error: expected 200 \"OK\", got 401 \"Unauthorized\"\n    at Context.<anonymous> (test\\api.test.js:12:8)\n    at process.processImmediate (node:internal/timers:478:21)\n----\n    at Test._assertStatus (node_modules\\supertest\\lib\\test.js:252:14)\n    at C:\\Users\\Abdul\\Desktop\\SDET\\node_modules\\supertest\\lib\\test.js:308:13\n    at Test._assertFunction (node_modules\\supertest\\lib\\test.js:285:13)\n    at Test.assert (node_modules\\supertest\\lib\\test.js:164:23)\n    at localAssert (node_modules\\supertest\\lib\\test.js:120:14)\n    at C:\\Users\\Abdul\\Desktop\\SDET\\node_modules\\supertest\\lib\\test.js:125:7\n    at Request.callback (node_modules\\superagent\\lib\\node\\index.js:867:3)\n    at C:\\Users\\Abdul\\Desktop\\SDET\\node_modules\\superagent\\lib\\node\\index.js:1070:18\n    at IncomingMessage.<anonymous> (node_modules\\superagent\\lib\\node\\parsers\\json.js:21:7)\n    at IncomingMessage.emit (node:events:530:35)\n    at endReadableNT (node:internal/streams/readable:1696:12)\n    at process.processTicksAndRejections (node:internal/process/task_queues:82:21)",
                "diff": null
              },
              "uuid": "4f72ecdb-7b5b-498e-bb0f-214734a68db6",
              "parentUUID": "ea4d1cf1-8897-4cd3-ac59-6e6e31285224",
              "isHook": false,
              "skipped": false
            },
            {
              "title": "should authenticate user and get token",
              "fullTitle": "API Routes Test should authenticate user and get token",
              "timedOut": false,
              "duration": 9,
              "state": "passed",
              "speed": "fast",
              "pass": true,
              "fail": false,
              "pending": false,
              "context": null,
              "code": "request(appUrl)\n  .post('/api/v1/auth')\n  .send({ email: 'user@gmail.com', password: 'user123' })\n  .expect(200)\n  .end((err, res) => {\n    if (err) return done(err);\n    assert(res.body.token, 'Token not provided in response');\n    authToken = res.body.token; \n    done();\n  });",
              "err": {},
              "uuid": "af25d00f-a933-4e8d-9583-9d8920843a78",
              "parentUUID": "ea4d1cf1-8897-4cd3-ac59-6e6e31285224",
              "isHook": false,
              "skipped": false
            },
            {
              "title": "should create a new user",
              "fullTitle": "API Routes Test should create a new user",
              "timedOut": false,
              "duration": 6,
              "state": "failed",
              "speed": null,
              "pass": false,
              "fail": true,
              "pending": false,
              "context": null,
              "code": "request(appUrl)\n  .post('/api/v1/users')\n  .send({ name: 'user1', email: 'user1@gmail.com', password: 'user123' })\n  .expect(200)\n  .end(done);",
              "err": {
                "message": "Error: expected 200 \"OK\", got 401 \"Unauthorized\"",
                "estack": "Error: expected 200 \"OK\", got 401 \"Unauthorized\"\n    at Context.<anonymous> (test\\api.test.js:33:8)\n    at process.processImmediate (node:internal/timers:478:21)\n----\n    at Test._assertStatus (node_modules\\supertest\\lib\\test.js:252:14)\n    at C:\\Users\\Abdul\\Desktop\\SDET\\node_modules\\supertest\\lib\\test.js:308:13\n    at Test._assertFunction (node_modules\\supertest\\lib\\test.js:285:13)\n    at Test.assert (node_modules\\supertest\\lib\\test.js:164:23)\n    at localAssert (node_modules\\supertest\\lib\\test.js:120:14)\n    at C:\\Users\\Abdul\\Desktop\\SDET\\node_modules\\supertest\\lib\\test.js:125:7\n    at Request.callback (node_modules\\superagent\\lib\\node\\index.js:867:3)\n    at C:\\Users\\Abdul\\Desktop\\SDET\\node_modules\\superagent\\lib\\node\\index.js:1070:18\n    at IncomingMessage.<anonymous> (node_modules\\superagent\\lib\\node\\parsers\\json.js:21:7)\n    at IncomingMessage.emit (node:events:530:35)\n    at endReadableNT (node:internal/streams/readable:1696:12)\n    at process.processTicksAndRejections (node:internal/process/task_queues:82:21)",
                "diff": null
              },
              "uuid": "b451da2e-cf57-4258-8d2e-301bb97e08cd",
              "parentUUID": "ea4d1cf1-8897-4cd3-ac59-6e6e31285224",
              "isHook": false,
              "skipped": false
            },
            {
              "title": "should authenticate newly created user and get token",
              "fullTitle": "API Routes Test should authenticate newly created user and get token",
              "timedOut": false,
              "duration": 8,
              "state": "passed",
              "speed": "fast",
              "pass": true,
              "fail": false,
              "pending": false,
              "context": null,
              "code": "request(appUrl)\n  .post('/api/v1/auth')\n  .send({ email: 'user1@gmail.com', password: 'user123' })\n  .expect(200)\n  .end((err, res) => {\n    if (err) return done(err);\n    assert(res.body.token, 'Token not provided in response');\n    authToken = res.body.token; \n    done();\n  });",
              "err": {},
              "uuid": "250d819e-1939-4664-b201-6554c95038bc",
              "parentUUID": "ea4d1cf1-8897-4cd3-ac59-6e6e31285224",
              "isHook": false,
              "skipped": false
            },
            {
              "title": "should get user by token",
              "fullTitle": "API Routes Test should get user by token",
              "timedOut": false,
              "duration": 6,
              "state": "passed",
              "speed": "fast",
              "pass": true,
              "fail": false,
              "pending": false,
              "context": null,
              "code": "request(appUrl)\n  .get('/api/v1/users')\n  .set('Authorization', authToken)\n  .expect(200)\n  .end((err, res) => {\n    if (err) return done(err);\n    assert.strictEqual(res.body.name, 'user1');\n    assert.strictEqual(res.body.email, 'user1@gmail.com');\n    done();\n  });",
              "err": {},
              "uuid": "78dd6517-b782-4383-81c2-398c0dc1a747",
              "parentUUID": "ea4d1cf1-8897-4cd3-ac59-6e6e31285224",
              "isHook": false,
              "skipped": false
            },
            {
              "title": "should update user by token",
              "fullTitle": "API Routes Test should update user by token",
              "timedOut": false,
              "duration": 7,
              "state": "passed",
              "speed": "fast",
              "pass": true,
              "fail": false,
              "pending": false,
              "context": null,
              "code": "request(appUrl)\n  .patch('/api/v1/users')\n  .set('Authorization', authToken)\n  .send({ name: 'newName', email: 'new_email@gmail.com', password: 'newpassword123' })\n  .expect(200)\n  .end(done);",
              "err": {},
              "uuid": "251c3cf0-5045-4900-9823-a5ed71b9f160",
              "parentUUID": "ea4d1cf1-8897-4cd3-ac59-6e6e31285224",
              "isHook": false,
              "skipped": false
            },
            {
              "title": "should delete user by token",
              "fullTitle": "API Routes Test should delete user by token",
              "timedOut": false,
              "duration": 7,
              "state": "failed",
              "speed": null,
              "pass": false,
              "fail": true,
              "pending": false,
              "context": null,
              "code": "request(appUrl)\n  .delete('/api/v1/users')\n  .set('Authorization', authToken)\n  .expect(200)\n  .end(done);",
              "err": {
                "message": "Error: expected 200 \"OK\", got 403 \"Forbidden\"",
                "estack": "Error: expected 200 \"OK\", got 403 \"Forbidden\"\n    at Context.<anonymous> (test\\api.test.js:75:8)\n    at process.processImmediate (node:internal/timers:478:21)\n----\n    at Test._assertStatus (node_modules\\supertest\\lib\\test.js:252:14)\n    at C:\\Users\\Abdul\\Desktop\\SDET\\node_modules\\supertest\\lib\\test.js:308:13\n    at Test._assertFunction (node_modules\\supertest\\lib\\test.js:285:13)\n    at Test.assert (node_modules\\supertest\\lib\\test.js:164:23)\n    at localAssert (node_modules\\supertest\\lib\\test.js:120:14)\n    at C:\\Users\\Abdul\\Desktop\\SDET\\node_modules\\supertest\\lib\\test.js:125:7\n    at Request.callback (node_modules\\superagent\\lib\\node\\index.js:867:3)\n    at C:\\Users\\Abdul\\Desktop\\SDET\\node_modules\\superagent\\lib\\node\\index.js:1070:18\n    at IncomingMessage.<anonymous> (node_modules\\superagent\\lib\\node\\parsers\\json.js:21:7)\n    at IncomingMessage.emit (node:events:530:35)\n    at endReadableNT (node:internal/streams/readable:1696:12)\n    at process.processTicksAndRejections (node:internal/process/task_queues:82:21)",
                "diff": null
              },
              "uuid": "c43157dd-3e9e-4d42-991c-a417edfe4082",
              "parentUUID": "ea4d1cf1-8897-4cd3-ac59-6e6e31285224",
              "isHook": false,
              "skipped": false
            },
            {
              "title": "should delete all users",
              "fullTitle": "API Routes Test should delete all users",
              "timedOut": false,
              "duration": 4,
              "state": "passed",
              "speed": "fast",
              "pass": true,
              "fail": false,
              "pending": false,
              "context": null,
              "code": "request(appUrl)\n  .delete('/api/v1/all-users')\n  .send({ key_admin: 'keyadmin123' })\n  .expect(200)\n  .end(done);",
              "err": {},
              "uuid": "8f1721c5-a663-4148-adec-f37f29b3414f",
              "parentUUID": "ea4d1cf1-8897-4cd3-ac59-6e6e31285224",
              "isHook": false,
              "skipped": false
            },
            {
              "title": "should authenticate user and get token",
              "fullTitle": "API Routes Test should authenticate user and get token",
              "timedOut": false,
              "duration": 6,
              "state": "failed",
              "speed": null,
              "pass": false,
              "fail": true,
              "pending": false,
              "context": null,
              "code": "request(appUrl)\n  .post('/api/v1/auth')\n  .send({ email: 'user@gmail.com', password: 'user123' })\n  .expect(200)\n  .end((err, res) => {\n    if (err) return done(err);\n    assert(res.body.token, 'Token not provided in response');\n    authToken = res.body.token; \n    done();\n  });",
              "err": {
                "message": "Error: expected 200 \"OK\", got 401 \"Unauthorized\"",
                "estack": "Error: expected 200 \"OK\", got 401 \"Unauthorized\"\n    at Context.<anonymous> (test\\api.test.js:91:8)\n    at process.processImmediate (node:internal/timers:478:21)\n----\n    at Test._assertStatus (node_modules\\supertest\\lib\\test.js:252:14)\n    at C:\\Users\\Abdul\\Desktop\\SDET\\node_modules\\supertest\\lib\\test.js:308:13\n    at Test._assertFunction (node_modules\\supertest\\lib\\test.js:285:13)\n    at Test.assert (node_modules\\supertest\\lib\\test.js:164:23)\n    at localAssert (node_modules\\supertest\\lib\\test.js:120:14)\n    at C:\\Users\\Abdul\\Desktop\\SDET\\node_modules\\supertest\\lib\\test.js:125:7\n    at Request.callback (node_modules\\superagent\\lib\\node\\index.js:867:3)\n    at C:\\Users\\Abdul\\Desktop\\SDET\\node_modules\\superagent\\lib\\node\\index.js:1070:18\n    at IncomingMessage.<anonymous> (node_modules\\superagent\\lib\\node\\parsers\\json.js:21:7)\n    at IncomingMessage.emit (node:events:530:35)\n    at endReadableNT (node:internal/streams/readable:1696:12)\n    at process.processTicksAndRejections (node:internal/process/task_queues:82:21)",
                "diff": null
              },
              "uuid": "abfceb41-08dd-47b9-a36c-85102898d722",
              "parentUUID": "ea4d1cf1-8897-4cd3-ac59-6e6e31285224",
              "isHook": false,
              "skipped": false
            },
            {
              "title": "should create a new user",
              "fullTitle": "API Routes Test should create a new user",
              "timedOut": false,
              "duration": 8,
              "state": "failed",
              "speed": null,
              "pass": false,
              "fail": true,
              "pending": false,
              "context": null,
              "code": "request(appUrl)\n  .post('/api/v1/users')\n  .send({ name: 'user5', email: 'user5@gmail.com', password: 'user123' })\n  .expect(200)\n  .end((err, res) => {\n    if (err) return done(err);\n    assert(res.body.token, 'Token not provided in response');\n    userId = res.body.id; // Save the ID of the created user\n    done();\n  });",
              "err": {
                "message": "AssertionError: Token not provided in response",
                "estack": "AssertionError [ERR_ASSERTION]: Token not provided in response\n    at Test.<anonymous> (test\\api.test.js:107:9)\n    at Test.assert (node_modules\\supertest\\lib\\test.js:172:8)\n    at localAssert (node_modules\\supertest\\lib\\test.js:120:14)\n    at C:\\Users\\Abdul\\Desktop\\SDET\\node_modules\\supertest\\lib\\test.js:125:7\n    at Request.callback (node_modules\\superagent\\lib\\node\\index.js:857:12)\n    at C:\\Users\\Abdul\\Desktop\\SDET\\node_modules\\superagent\\lib\\node\\index.js:1070:18\n    at IncomingMessage.<anonymous> (node_modules\\superagent\\lib\\node\\parsers\\json.js:21:7)\n    at IncomingMessage.emit (node:events:530:35)\n    at endReadableNT (node:internal/streams/readable:1696:12)\n    at process.processTicksAndRejections (node:internal/process/task_queues:82:21)",
                "diff": null
              },
              "uuid": "e7e13be6-28ce-462b-bdb3-ca81a8675593",
              "parentUUID": "ea4d1cf1-8897-4cd3-ac59-6e6e31285224",
              "isHook": false,
              "skipped": false
            },
            {
              "title": "should create a new user",
              "fullTitle": "API Routes Test should create a new user",
              "timedOut": false,
              "duration": 7,
              "state": "passed",
              "speed": "fast",
              "pass": true,
              "fail": false,
              "pending": false,
              "context": null,
              "code": "request(appUrl)\n  .post('/api/v1/users')\n  .send({ name: 'user', email: 'user@gmail.com', password: 'user123' })\n  .expect(200)\n  .end(done);",
              "err": {},
              "uuid": "492c4a9e-894b-41f7-8269-b4576ac08a89",
              "parentUUID": "ea4d1cf1-8897-4cd3-ac59-6e6e31285224",
              "isHook": false,
              "skipped": false
            },
            {
              "title": "should delete the created user",
              "fullTitle": "API Routes Test should delete the created user",
              "timedOut": false,
              "duration": 5,
              "state": "failed",
              "speed": null,
              "pass": false,
              "fail": true,
              "pending": false,
              "context": null,
              "code": "request(appUrl)\n  .delete('/api/v1/users/')\n  .set('Authorization', authToken)\n  .expect(200)\n  .end(done);",
              "err": {
                "message": "Error: expected 200 \"OK\", got 403 \"Forbidden\"",
                "estack": "Error: expected 200 \"OK\", got 403 \"Forbidden\"\n    at Context.<anonymous> (test\\api.test.js:124:8)\n    at process.processImmediate (node:internal/timers:478:21)\n----\n    at Test._assertStatus (node_modules\\supertest\\lib\\test.js:252:14)\n    at C:\\Users\\Abdul\\Desktop\\SDET\\node_modules\\supertest\\lib\\test.js:308:13\n    at Test._assertFunction (node_modules\\supertest\\lib\\test.js:285:13)\n    at Test.assert (node_modules\\supertest\\lib\\test.js:164:23)\n    at localAssert (node_modules\\supertest\\lib\\test.js:120:14)\n    at C:\\Users\\Abdul\\Desktop\\SDET\\node_modules\\supertest\\lib\\test.js:125:7\n    at Request.callback (node_modules\\superagent\\lib\\node\\index.js:867:3)\n    at C:\\Users\\Abdul\\Desktop\\SDET\\node_modules\\superagent\\lib\\node\\index.js:1070:18\n    at IncomingMessage.<anonymous> (node_modules\\superagent\\lib\\node\\parsers\\json.js:21:7)\n    at IncomingMessage.emit (node:events:530:35)\n    at endReadableNT (node:internal/streams/readable:1696:12)\n    at process.processTicksAndRejections (node:internal/process/task_queues:82:21)",
                "diff": null
              },
              "uuid": "c67559dc-d4d4-4d9e-b2f1-e19e7505edbf",
              "parentUUID": "ea4d1cf1-8897-4cd3-ac59-6e6e31285224",
              "isHook": false,
              "skipped": false
            },
            {
              "title": "should fail to authenticate a recently deleted user",
              "fullTitle": "API Routes Test should fail to authenticate a recently deleted user",
              "timedOut": false,
              "duration": 6,
              "state": "failed",
              "speed": null,
              "pass": false,
              "fail": true,
              "pending": false,
              "context": null,
              "code": "request(appUrl)\n  .post('/api/v1/auth')\n  .send({ email: 'user@gmail.com', password: 'user123' })\n  .expect(401)\n  .end(done);",
              "err": {
                "message": "Error: expected 401 \"Unauthorized\", got 200 \"OK\"",
                "estack": "Error: expected 401 \"Unauthorized\", got 200 \"OK\"\n    at Context.<anonymous> (test\\api.test.js:132:8)\n    at process.processImmediate (node:internal/timers:478:21)\n----\n    at Test._assertStatus (node_modules\\supertest\\lib\\test.js:252:14)\n    at C:\\Users\\Abdul\\Desktop\\SDET\\node_modules\\supertest\\lib\\test.js:308:13\n    at Test._assertFunction (node_modules\\supertest\\lib\\test.js:285:13)\n    at Test.assert (node_modules\\supertest\\lib\\test.js:164:23)\n    at localAssert (node_modules\\supertest\\lib\\test.js:120:14)\n    at C:\\Users\\Abdul\\Desktop\\SDET\\node_modules\\supertest\\lib\\test.js:125:7\n    at Request.callback (node_modules\\superagent\\lib\\node\\index.js:857:12)\n    at C:\\Users\\Abdul\\Desktop\\SDET\\node_modules\\superagent\\lib\\node\\index.js:1070:18\n    at IncomingMessage.<anonymous> (node_modules\\superagent\\lib\\node\\parsers\\json.js:21:7)\n    at IncomingMessage.emit (node:events:530:35)\n    at endReadableNT (node:internal/streams/readable:1696:12)\n    at process.processTicksAndRejections (node:internal/process/task_queues:82:21)",
                "diff": null
              },
              "uuid": "bba11757-a840-4e20-b817-7e8e35b577d5",
              "parentUUID": "ea4d1cf1-8897-4cd3-ac59-6e6e31285224",
              "isHook": false,
              "skipped": false
            },
            {
              "title": "should create multiple users",
              "fullTitle": "API Routes Test should create multiple users",
              "timedOut": false,
              "duration": 12,
              "state": "passed",
              "speed": "fast",
              "pass": true,
              "fail": false,
              "pending": false,
              "context": null,
              "code": "request(appUrl)\n  .post('/api/v1/users')\n  .send({ name: 'user1', email: 'user1@gmail.com', password: 'user123' })\n  .expect(200)\n  .end(() => {\n    request(appUrl)\n      .post('/api/v1/users')\n      .send({ name: 'user2', email: 'user2@gmail.com', password: 'user123' })\n      .expect(200)\n      .end(done);\n  });",
              "err": {},
              "uuid": "a4cff200-1045-4b35-b146-93de1a590706",
              "parentUUID": "ea4d1cf1-8897-4cd3-ac59-6e6e31285224",
              "isHook": false,
              "skipped": false
            },
            {
              "title": "should authenticate and get details for one of the users",
              "fullTitle": "API Routes Test should authenticate and get details for one of the users",
              "timedOut": false,
              "duration": 5,
              "state": "failed",
              "speed": null,
              "pass": false,
              "fail": true,
              "pending": false,
              "context": null,
              "code": "request(appUrl)\n  .get('/api/v1/users')\n  .set('Authorization', authToken)\n  .expect(200)\n  .end((err, res) => {\n    if (err) return done(err);\n    // Assuming the response contains an array of users, check details of the first user\n    const user = res.body[0];\n    assert.strictEqual(user.name, 'user1');\n    assert.strictEqual(user.email, 'user1@gmail.com');\n    done();\n  });",
              "err": {
                "message": "Error: expected 200 \"OK\", got 403 \"Forbidden\"",
                "estack": "Error: expected 200 \"OK\", got 403 \"Forbidden\"\n    at Context.<anonymous> (test\\api.test.js:154:8)\n    at process.processImmediate (node:internal/timers:478:21)\n----\n    at Test._assertStatus (node_modules\\supertest\\lib\\test.js:252:14)\n    at C:\\Users\\Abdul\\Desktop\\SDET\\node_modules\\supertest\\lib\\test.js:308:13\n    at Test._assertFunction (node_modules\\supertest\\lib\\test.js:285:13)\n    at Test.assert (node_modules\\supertest\\lib\\test.js:164:23)\n    at localAssert (node_modules\\supertest\\lib\\test.js:120:14)\n    at C:\\Users\\Abdul\\Desktop\\SDET\\node_modules\\supertest\\lib\\test.js:125:7\n    at Request.callback (node_modules\\superagent\\lib\\node\\index.js:867:3)\n    at C:\\Users\\Abdul\\Desktop\\SDET\\node_modules\\superagent\\lib\\node\\index.js:1070:18\n    at IncomingMessage.<anonymous> (node_modules\\superagent\\lib\\node\\parsers\\json.js:21:7)\n    at IncomingMessage.emit (node:events:530:35)\n    at endReadableNT (node:internal/streams/readable:1696:12)\n    at process.processTicksAndRejections (node:internal/process/task_queues:82:21)",
                "diff": null
              },
              "uuid": "4d461d27-b530-4ded-bbb1-b449bc293bc4",
              "parentUUID": "ea4d1cf1-8897-4cd3-ac59-6e6e31285224",
              "isHook": false,
              "skipped": false
            },
            {
              "title": "should update details for one of the users",
              "fullTitle": "API Routes Test should update details for one of the users",
              "timedOut": false,
              "duration": 5,
              "state": "failed",
              "speed": null,
              "pass": false,
              "fail": true,
              "pending": false,
              "context": null,
              "code": "request(appUrl)\n  .patch('api/v1/users/')\n  .set('Authorization', authToken)\n  .send({ name: 'updatedName', email: 'updated_email@gmail.com', password: 'updatedpassword123' })\n  .expect(200)\n  .end(done);",
              "err": {
                "message": "AggregateError",
                "estack": "AggregateError\n    at internalConnectMultiple (node:net:1114:18)\n    at afterConnectMultiple (node:net:1667:5)",
                "diff": null
              },
              "uuid": "74c4ad6c-93b6-4034-88e6-262386b44b27",
              "parentUUID": "ea4d1cf1-8897-4cd3-ac59-6e6e31285224",
              "isHook": false,
              "skipped": false
            },
            {
              "title": "should fail to authenticate with invalid token",
              "fullTitle": "API Routes Test should fail to authenticate with invalid token",
              "timedOut": false,
              "duration": 4,
              "state": "failed",
              "speed": null,
              "pass": false,
              "fail": true,
              "pending": false,
              "context": null,
              "code": "request(appUrl)\n  .get('/api/v1/users')\n  .set('Authorization', 'invalidtoken')\n  .expect(401)\n  .end(done);",
              "err": {
                "message": "Error: expected 401 \"Unauthorized\", got 403 \"Forbidden\"",
                "estack": "Error: expected 401 \"Unauthorized\", got 403 \"Forbidden\"\n    at Context.<anonymous> (test\\api.test.js:178:8)\n    at process.processImmediate (node:internal/timers:478:21)\n----\n    at Test._assertStatus (node_modules\\supertest\\lib\\test.js:252:14)\n    at C:\\Users\\Abdul\\Desktop\\SDET\\node_modules\\supertest\\lib\\test.js:308:13\n    at Test._assertFunction (node_modules\\supertest\\lib\\test.js:285:13)\n    at Test.assert (node_modules\\supertest\\lib\\test.js:164:23)\n    at localAssert (node_modules\\supertest\\lib\\test.js:120:14)\n    at C:\\Users\\Abdul\\Desktop\\SDET\\node_modules\\supertest\\lib\\test.js:125:7\n    at Request.callback (node_modules\\superagent\\lib\\node\\index.js:867:3)\n    at C:\\Users\\Abdul\\Desktop\\SDET\\node_modules\\superagent\\lib\\node\\index.js:1070:18\n    at IncomingMessage.<anonymous> (node_modules\\superagent\\lib\\node\\parsers\\json.js:21:7)\n    at IncomingMessage.emit (node:events:530:35)\n    at endReadableNT (node:internal/streams/readable:1696:12)\n    at process.processTicksAndRejections (node:internal/process/task_queues:82:21)",
                "diff": null
              },
              "uuid": "738547cf-8d12-4ea9-87b9-31fbd011bdf4",
              "parentUUID": "ea4d1cf1-8897-4cd3-ac59-6e6e31285224",
              "isHook": false,
              "skipped": false
            },
            {
              "title": "should fail to create a user with invalid body",
              "fullTitle": "API Routes Test should fail to create a user with invalid body",
              "timedOut": false,
              "duration": 7,
              "state": "failed",
              "speed": null,
              "pass": false,
              "fail": true,
              "pending": false,
              "context": null,
              "code": "request(appUrl)\n  .post('/api/v1/users')\n  .send({ invalidKey: 'invalidValue' })\n  .expect(400)\n  .end(done);",
              "err": {
                "message": "Error: expected 400 \"Bad Request\", got 200 \"OK\"",
                "estack": "Error: expected 400 \"Bad Request\", got 200 \"OK\"\n    at Context.<anonymous> (test\\api.test.js:186:8)\n    at process.processImmediate (node:internal/timers:478:21)\n----\n    at Test._assertStatus (node_modules\\supertest\\lib\\test.js:252:14)\n    at C:\\Users\\Abdul\\Desktop\\SDET\\node_modules\\supertest\\lib\\test.js:308:13\n    at Test._assertFunction (node_modules\\supertest\\lib\\test.js:285:13)\n    at Test.assert (node_modules\\supertest\\lib\\test.js:164:23)\n    at localAssert (node_modules\\supertest\\lib\\test.js:120:14)\n    at C:\\Users\\Abdul\\Desktop\\SDET\\node_modules\\supertest\\lib\\test.js:125:7\n    at Request.callback (node_modules\\superagent\\lib\\node\\index.js:857:12)\n    at C:\\Users\\Abdul\\Desktop\\SDET\\node_modules\\superagent\\lib\\node\\index.js:1070:18\n    at IncomingMessage.<anonymous> (node_modules\\superagent\\lib\\node\\parsers\\json.js:21:7)\n    at IncomingMessage.emit (node:events:530:35)\n    at endReadableNT (node:internal/streams/readable:1696:12)\n    at process.processTicksAndRejections (node:internal/process/task_queues:82:21)",
                "diff": null
              },
              "uuid": "164be391-eebc-4660-9bac-e5872ee8e81f",
              "parentUUID": "ea4d1cf1-8897-4cd3-ac59-6e6e31285224",
              "isHook": false,
              "skipped": false
            },
            {
              "title": "should create multiple users",
              "fullTitle": "API Routes Test should create multiple users",
              "timedOut": false,
              "duration": 13,
              "state": "passed",
              "speed": "fast",
              "pass": true,
              "fail": false,
              "pending": false,
              "context": null,
              "code": "request(appUrl)\n  .post('/api/v1/users')\n  .send({ name: 'user3', email: 'user3@gmail.com', password: 'user123' })\n  .expect(200)\n  .end(() => {\n    request(appUrl)\n      .post('/api/v1/users')\n      .send({ name: 'user4', email: 'user4@gmail.com', password: 'user123' })\n      .expect(200)\n      .end(done);\n  });",
              "err": {},
              "uuid": "9aeb5c8a-9af4-433c-9baa-406631a9a14e",
              "parentUUID": "ea4d1cf1-8897-4cd3-ac59-6e6e31285224",
              "isHook": false,
              "skipped": false
            },
            {
              "title": "should update the data of one user to be like the other",
              "fullTitle": "API Routes Test should update the data of one user to be like the other",
              "timedOut": false,
              "duration": 5,
              "state": "failed",
              "speed": null,
              "pass": false,
              "fail": true,
              "pending": false,
              "context": null,
              "code": "request(appUrl)\n  .patch('/api/v1/users/')\n  .set('Authorization', authToken)\n  .send({ name: 'user4', email: 'user4@gmail.com' }) // Update user1 to have the same data as user2\n  .expect(400) // Expecting a 400 error because users cannot have duplicate names\n  .end(done);",
              "err": {
                "message": "Error: expected 400 \"Bad Request\", got 403 \"Forbidden\"",
                "estack": "Error: expected 400 \"Bad Request\", got 403 \"Forbidden\"\n    at Context.<anonymous> (test\\api.test.js:208:8)\n    at process.processImmediate (node:internal/timers:478:21)\n----\n    at Test._assertStatus (node_modules\\supertest\\lib\\test.js:252:14)\n    at C:\\Users\\Abdul\\Desktop\\SDET\\node_modules\\supertest\\lib\\test.js:308:13\n    at Test._assertFunction (node_modules\\supertest\\lib\\test.js:285:13)\n    at Test.assert (node_modules\\supertest\\lib\\test.js:164:23)\n    at localAssert (node_modules\\supertest\\lib\\test.js:120:14)\n    at C:\\Users\\Abdul\\Desktop\\SDET\\node_modules\\supertest\\lib\\test.js:125:7\n    at Request.callback (node_modules\\superagent\\lib\\node\\index.js:867:3)\n    at C:\\Users\\Abdul\\Desktop\\SDET\\node_modules\\superagent\\lib\\node\\index.js:1070:18\n    at IncomingMessage.<anonymous> (node_modules\\superagent\\lib\\node\\parsers\\json.js:21:7)\n    at IncomingMessage.emit (node:events:530:35)\n    at endReadableNT (node:internal/streams/readable:1696:12)\n    at process.processTicksAndRejections (node:internal/process/task_queues:82:21)",
                "diff": null
              },
              "uuid": "6022cbea-0b49-4e67-bdf0-89d3674726f9",
              "parentUUID": "ea4d1cf1-8897-4cd3-ac59-6e6e31285224",
              "isHook": false,
              "skipped": false
            }
          ],
          "suites": [],
          "passes": [
            "af25d00f-a933-4e8d-9583-9d8920843a78",
            "250d819e-1939-4664-b201-6554c95038bc",
            "78dd6517-b782-4383-81c2-398c0dc1a747",
            "251c3cf0-5045-4900-9823-a5ed71b9f160",
            "8f1721c5-a663-4148-adec-f37f29b3414f",
            "492c4a9e-894b-41f7-8269-b4576ac08a89",
            "a4cff200-1045-4b35-b146-93de1a590706",
            "9aeb5c8a-9af4-433c-9baa-406631a9a14e"
          ],
          "failures": [
            "4f72ecdb-7b5b-498e-bb0f-214734a68db6",
            "b451da2e-cf57-4258-8d2e-301bb97e08cd",
            "c43157dd-3e9e-4d42-991c-a417edfe4082",
            "abfceb41-08dd-47b9-a36c-85102898d722",
            "e7e13be6-28ce-462b-bdb3-ca81a8675593",
            "c67559dc-d4d4-4d9e-b2f1-e19e7505edbf",
            "bba11757-a840-4e20-b817-7e8e35b577d5",
            "4d461d27-b530-4ded-bbb1-b449bc293bc4",
            "74c4ad6c-93b6-4034-88e6-262386b44b27",
            "738547cf-8d12-4ea9-87b9-31fbd011bdf4",
            "164be391-eebc-4660-9bac-e5872ee8e81f",
            "6022cbea-0b49-4e67-bdf0-89d3674726f9"
          ],
          "pending": [],
          "skipped": [],
          "duration": 202,
          "root": false,
          "rootEmpty": false,
          "_timeout": 2000
        }
      ],
      "passes": [],
      "failures": [],
      "pending": [],
      "skipped": [],
      "duration": 0,
      "root": true,
      "rootEmpty": true,
      "_timeout": 2000
    }
  ],
  "meta": {
    "mocha": {
      "version": "10.2.0"
    },
    "mochawesome": {
      "options": {
        "quiet": false,
        "reportFilename": "mochawesome",
        "saveHtml": true,
        "saveJson": true,
        "consoleReporter": "spec",
        "useInlineDiffs": false,
        "code": true
      },
      "version": "7.1.3"
    },
    "marge": {
      "options": null,
      "version": "6.2.0"
    }
  }
}